ARM GAS  C:\Users\jack2\AppData\Local\Temp\ccBGDRLe.s 			page 1


   1              		.cpu cortex-m4
   2              		.eabi_attribute 27, 1
   3              		.eabi_attribute 28, 1
   4              		.eabi_attribute 20, 1
   5              		.eabi_attribute 21, 1
   6              		.eabi_attribute 23, 3
   7              		.eabi_attribute 24, 1
   8              		.eabi_attribute 25, 1
   9              		.eabi_attribute 26, 1
  10              		.eabi_attribute 30, 1
  11              		.eabi_attribute 34, 1
  12              		.eabi_attribute 18, 4
  13              		.file	"gpio.c"
  14              		.text
  15              	.Ltext0:
  16              		.cfi_sections	.debug_frame
  17              		.section	.text.MX_GPIO_Init,"ax",%progbits
  18              		.align	1
  19              		.global	MX_GPIO_Init
  20              		.arch armv7e-m
  21              		.syntax unified
  22              		.thumb
  23              		.thumb_func
  24              		.fpu fpv4-sp-d16
  26              	MX_GPIO_Init:
  27              	.LFB132:
  28              		.file 1 "Core/Src/gpio.c"
   1:Core/Src/gpio.c **** /**
   2:Core/Src/gpio.c ****   ******************************************************************************
   3:Core/Src/gpio.c ****   * @file    gpio.c
   4:Core/Src/gpio.c ****   * @brief   This file provides code for the configuration
   5:Core/Src/gpio.c ****   *          of all used GPIO pins.
   6:Core/Src/gpio.c ****   ******************************************************************************
   7:Core/Src/gpio.c ****   * @attention
   8:Core/Src/gpio.c ****   *
   9:Core/Src/gpio.c ****   * <h2><center>&copy; Copyright (c) 2022 STMicroelectronics.
  10:Core/Src/gpio.c ****   * All rights reserved.</center></h2>
  11:Core/Src/gpio.c ****   *
  12:Core/Src/gpio.c ****   * This software component is licensed by ST under Ultimate Liberty license
  13:Core/Src/gpio.c ****   * SLA0044, the "License"; You may not use this file except in compliance with
  14:Core/Src/gpio.c ****   * the License. You may obtain a copy of the License at:
  15:Core/Src/gpio.c ****   *                             www.st.com/SLA0044
  16:Core/Src/gpio.c ****   *
  17:Core/Src/gpio.c ****   ******************************************************************************
  18:Core/Src/gpio.c ****   */
  19:Core/Src/gpio.c **** 
  20:Core/Src/gpio.c **** /* Includes ------------------------------------------------------------------*/
  21:Core/Src/gpio.c **** #include "gpio.h"
  22:Core/Src/gpio.c **** 
  23:Core/Src/gpio.c **** /* USER CODE BEGIN 0 */
  24:Core/Src/gpio.c **** 
  25:Core/Src/gpio.c **** /* USER CODE END 0 */
  26:Core/Src/gpio.c **** 
  27:Core/Src/gpio.c **** /*----------------------------------------------------------------------------*/
  28:Core/Src/gpio.c **** /* Configure GPIO                                                             */
  29:Core/Src/gpio.c **** /*----------------------------------------------------------------------------*/
  30:Core/Src/gpio.c **** /* USER CODE BEGIN 1 */
ARM GAS  C:\Users\jack2\AppData\Local\Temp\ccBGDRLe.s 			page 2


  31:Core/Src/gpio.c **** 
  32:Core/Src/gpio.c **** /* USER CODE END 1 */
  33:Core/Src/gpio.c **** 
  34:Core/Src/gpio.c **** /** Pinout Configuration
  35:Core/Src/gpio.c **** */
  36:Core/Src/gpio.c **** void MX_GPIO_Init(void)
  37:Core/Src/gpio.c **** {
  29              		.loc 1 37 1 view -0
  30              		.cfi_startproc
  31              		@ args = 0, pretend = 0, frame = 8
  32              		@ frame_needed = 0, uses_anonymous_args = 0
  33              		@ link register save eliminated.
  34 0000 82B0     		sub	sp, sp, #8
  35              	.LCFI0:
  36              		.cfi_def_cfa_offset 8
  38:Core/Src/gpio.c **** 
  39:Core/Src/gpio.c ****   /* GPIO Ports Clock Enable */
  40:Core/Src/gpio.c ****   __HAL_RCC_GPIOA_CLK_ENABLE();
  37              		.loc 1 40 3 view .LVU1
  38              	.LBB2:
  39              		.loc 1 40 3 view .LVU2
  40              		.loc 1 40 3 view .LVU3
  41 0002 064B     		ldr	r3, .L3
  42 0004 DA6C     		ldr	r2, [r3, #76]
  43 0006 42F00102 		orr	r2, r2, #1
  44 000a DA64     		str	r2, [r3, #76]
  45              		.loc 1 40 3 view .LVU4
  46 000c DB6C     		ldr	r3, [r3, #76]
  47 000e 03F00103 		and	r3, r3, #1
  48 0012 0193     		str	r3, [sp, #4]
  49              		.loc 1 40 3 view .LVU5
  50 0014 019B     		ldr	r3, [sp, #4]
  51              	.LBE2:
  52              		.loc 1 40 3 view .LVU6
  41:Core/Src/gpio.c **** 
  42:Core/Src/gpio.c **** }
  53              		.loc 1 42 1 is_stmt 0 view .LVU7
  54 0016 02B0     		add	sp, sp, #8
  55              	.LCFI1:
  56              		.cfi_def_cfa_offset 0
  57              		@ sp needed
  58 0018 7047     		bx	lr
  59              	.L4:
  60 001a 00BF     		.align	2
  61              	.L3:
  62 001c 00100240 		.word	1073876992
  63              		.cfi_endproc
  64              	.LFE132:
  66              		.text
  67              	.Letext0:
  68              		.file 2 "c:\\msys2\\mingw64\\arm-none-eabi\\include\\machine\\_default_types.h"
  69              		.file 3 "c:\\msys2\\mingw64\\arm-none-eabi\\include\\sys\\_stdint.h"
  70              		.file 4 "Drivers/CMSIS/Device/ST/STM32G4xx/Include/stm32g441xx.h"
ARM GAS  C:\Users\jack2\AppData\Local\Temp\ccBGDRLe.s 			page 3


DEFINED SYMBOLS
                            *ABS*:0000000000000000 gpio.c
C:\Users\jack2\AppData\Local\Temp\ccBGDRLe.s:18     .text.MX_GPIO_Init:0000000000000000 $t
C:\Users\jack2\AppData\Local\Temp\ccBGDRLe.s:26     .text.MX_GPIO_Init:0000000000000000 MX_GPIO_Init
C:\Users\jack2\AppData\Local\Temp\ccBGDRLe.s:62     .text.MX_GPIO_Init:000000000000001c $d

NO UNDEFINED SYMBOLS
