ARM GAS  C:\Users\jack2\AppData\Local\Temp\ccfCP0Mz.s 			page 1


   1              		.cpu cortex-m4
   2              		.eabi_attribute 27, 1
   3              		.eabi_attribute 28, 1
   4              		.eabi_attribute 20, 1
   5              		.eabi_attribute 21, 1
   6              		.eabi_attribute 23, 3
   7              		.eabi_attribute 24, 1
   8              		.eabi_attribute 25, 1
   9              		.eabi_attribute 26, 1
  10              		.eabi_attribute 30, 1
  11              		.eabi_attribute 34, 1
  12              		.eabi_attribute 18, 4
  13              		.file	"usb_device.c"
  14              		.text
  15              	.Ltext0:
  16              		.cfi_sections	.debug_frame
  17              		.section	.text.MX_USB_Device_Init,"ax",%progbits
  18              		.align	1
  19              		.global	MX_USB_Device_Init
  20              		.arch armv7e-m
  21              		.syntax unified
  22              		.thumb
  23              		.thumb_func
  24              		.fpu fpv4-sp-d16
  26              	MX_USB_Device_Init:
  27              	.LVL0:
  28              	.LFB136:
  29              		.file 1 "USB_Device/App/usb_device.c"
   1:USB_Device/App/usb_device.c **** /* USER CODE BEGIN Header */
   2:USB_Device/App/usb_device.c **** /**
   3:USB_Device/App/usb_device.c ****   ******************************************************************************
   4:USB_Device/App/usb_device.c ****   * @file           : usb_device.c
   5:USB_Device/App/usb_device.c ****   * @version        : v3.0_Cube
   6:USB_Device/App/usb_device.c ****   * @brief          : This file implements the USB Device
   7:USB_Device/App/usb_device.c ****   ******************************************************************************
   8:USB_Device/App/usb_device.c ****   * @attention
   9:USB_Device/App/usb_device.c ****   *
  10:USB_Device/App/usb_device.c ****   * <h2><center>&copy; Copyright (c) 2022 STMicroelectronics.
  11:USB_Device/App/usb_device.c ****   * All rights reserved.</center></h2>
  12:USB_Device/App/usb_device.c ****   *
  13:USB_Device/App/usb_device.c ****   * This software component is licensed by ST under Ultimate Liberty license
  14:USB_Device/App/usb_device.c ****   * SLA0044, the "License"; You may not use this file except in compliance with
  15:USB_Device/App/usb_device.c ****   * the License. You may obtain a copy of the License at:
  16:USB_Device/App/usb_device.c ****   *                             www.st.com/SLA0044
  17:USB_Device/App/usb_device.c ****   *
  18:USB_Device/App/usb_device.c ****   ******************************************************************************
  19:USB_Device/App/usb_device.c ****   */
  20:USB_Device/App/usb_device.c **** /* USER CODE END Header */
  21:USB_Device/App/usb_device.c **** 
  22:USB_Device/App/usb_device.c **** /* Includes ------------------------------------------------------------------*/
  23:USB_Device/App/usb_device.c **** 
  24:USB_Device/App/usb_device.c **** #include "usb_device.h"
  25:USB_Device/App/usb_device.c **** #include "usbd_core.h"
  26:USB_Device/App/usb_device.c **** #include "usbd_desc.h"
  27:USB_Device/App/usb_device.c **** #include "usbd_cdc.h"
  28:USB_Device/App/usb_device.c **** #include "usbd_cdc_if.h"
  29:USB_Device/App/usb_device.c **** 
ARM GAS  C:\Users\jack2\AppData\Local\Temp\ccfCP0Mz.s 			page 2


  30:USB_Device/App/usb_device.c **** /* USER CODE BEGIN Includes */
  31:USB_Device/App/usb_device.c **** 
  32:USB_Device/App/usb_device.c **** /* USER CODE END Includes */
  33:USB_Device/App/usb_device.c **** 
  34:USB_Device/App/usb_device.c **** /* USER CODE BEGIN PV */
  35:USB_Device/App/usb_device.c **** /* Private variables ---------------------------------------------------------*/
  36:USB_Device/App/usb_device.c **** 
  37:USB_Device/App/usb_device.c **** /* USER CODE END PV */
  38:USB_Device/App/usb_device.c **** 
  39:USB_Device/App/usb_device.c **** /* USER CODE BEGIN PFP */
  40:USB_Device/App/usb_device.c **** /* Private function prototypes -----------------------------------------------*/
  41:USB_Device/App/usb_device.c **** 
  42:USB_Device/App/usb_device.c **** /* USER CODE END PFP */
  43:USB_Device/App/usb_device.c **** 
  44:USB_Device/App/usb_device.c **** extern void Error_Handler(void);
  45:USB_Device/App/usb_device.c **** /* USB Device Core handle declaration. */
  46:USB_Device/App/usb_device.c **** USBD_HandleTypeDef hUsbDeviceFS;
  47:USB_Device/App/usb_device.c **** extern USBD_DescriptorsTypeDef CDC_Desc;
  48:USB_Device/App/usb_device.c **** 
  49:USB_Device/App/usb_device.c **** /*
  50:USB_Device/App/usb_device.c ****  * -- Insert your variables declaration here --
  51:USB_Device/App/usb_device.c ****  */
  52:USB_Device/App/usb_device.c **** /* USER CODE BEGIN 0 */
  53:USB_Device/App/usb_device.c **** 
  54:USB_Device/App/usb_device.c **** /* USER CODE END 0 */
  55:USB_Device/App/usb_device.c **** 
  56:USB_Device/App/usb_device.c **** /*
  57:USB_Device/App/usb_device.c ****  * -- Insert your external function declaration here --
  58:USB_Device/App/usb_device.c ****  */
  59:USB_Device/App/usb_device.c **** /* USER CODE BEGIN 1 */
  60:USB_Device/App/usb_device.c **** 
  61:USB_Device/App/usb_device.c **** /* USER CODE END 1 */
  62:USB_Device/App/usb_device.c **** 
  63:USB_Device/App/usb_device.c **** /**
  64:USB_Device/App/usb_device.c ****   * Init USB device Library, add supported class and start the library
  65:USB_Device/App/usb_device.c ****   * @retval None
  66:USB_Device/App/usb_device.c ****   */
  67:USB_Device/App/usb_device.c **** USBD_HandleTypeDef* MX_USB_Device_Init(uint8_t* rxBuf, uint8_t* txBuf)
  68:USB_Device/App/usb_device.c **** {
  30              		.loc 1 68 1 view -0
  31              		.cfi_startproc
  32              		@ args = 0, pretend = 0, frame = 0
  33              		@ frame_needed = 0, uses_anonymous_args = 0
  34              		.loc 1 68 1 is_stmt 0 view .LVU1
  35 0000 70B5     		push	{r4, r5, r6, lr}
  36              		.cfi_def_cfa_offset 16
  37              		.cfi_offset 4, -16
  38              		.cfi_offset 5, -12
  39              		.cfi_offset 6, -8
  40              		.cfi_offset 14, -4
  41 0002 0646     		mov	r6, r0
  42 0004 0D46     		mov	r5, r1
  69:USB_Device/App/usb_device.c ****   /* USER CODE BEGIN USB_Device_Init_PreTreatment */
  70:USB_Device/App/usb_device.c **** 
  71:USB_Device/App/usb_device.c ****   /* USER CODE END USB_Device_Init_PreTreatment */
  72:USB_Device/App/usb_device.c **** 
  73:USB_Device/App/usb_device.c ****   /* Init Device Library, add supported class and start the library. */
ARM GAS  C:\Users\jack2\AppData\Local\Temp\ccfCP0Mz.s 			page 3


  74:USB_Device/App/usb_device.c ****   if (USBD_Init(&hUsbDeviceFS, &CDC_Desc, DEVICE_FS) != USBD_OK) {
  43              		.loc 1 74 3 is_stmt 1 view .LVU2
  44              		.loc 1 74 7 is_stmt 0 view .LVU3
  45 0006 0022     		movs	r2, #0
  46 0008 1549     		ldr	r1, .L11
  47              	.LVL1:
  48              		.loc 1 74 7 view .LVU4
  49 000a 1648     		ldr	r0, .L11+4
  50              	.LVL2:
  51              		.loc 1 74 7 view .LVU5
  52 000c FFF7FEFF 		bl	USBD_Init
  53              	.LVL3:
  54              		.loc 1 74 6 view .LVU6
  55 0010 C8B9     		cbnz	r0, .L7
  56              	.L2:
  75:USB_Device/App/usb_device.c ****     Error_Handler();
  76:USB_Device/App/usb_device.c ****   }
  77:USB_Device/App/usb_device.c ****   if (USBD_RegisterClass(&hUsbDeviceFS, &USBD_CDC) != USBD_OK) {
  57              		.loc 1 77 3 is_stmt 1 view .LVU7
  58              		.loc 1 77 7 is_stmt 0 view .LVU8
  59 0012 1549     		ldr	r1, .L11+8
  60 0014 1348     		ldr	r0, .L11+4
  61 0016 FFF7FEFF 		bl	USBD_RegisterClass
  62              	.LVL4:
  63              		.loc 1 77 6 view .LVU9
  64 001a B8B9     		cbnz	r0, .L8
  65              	.L3:
  78:USB_Device/App/usb_device.c ****     Error_Handler();
  79:USB_Device/App/usb_device.c ****   }
  80:USB_Device/App/usb_device.c ****   if (USBD_CDC_RegisterInterface(&hUsbDeviceFS, &USBD_Interface_fops_FS) != USBD_OK) {
  66              		.loc 1 80 3 is_stmt 1 view .LVU10
  67              		.loc 1 80 7 is_stmt 0 view .LVU11
  68 001c 1349     		ldr	r1, .L11+12
  69 001e 1148     		ldr	r0, .L11+4
  70 0020 FFF7FEFF 		bl	USBD_CDC_RegisterInterface
  71              	.LVL5:
  72              		.loc 1 80 6 view .LVU12
  73 0024 A8B9     		cbnz	r0, .L9
  74              	.L4:
  81:USB_Device/App/usb_device.c ****     Error_Handler();
  82:USB_Device/App/usb_device.c ****   }
  83:USB_Device/App/usb_device.c ****   if (USBD_Start(&hUsbDeviceFS) != USBD_OK) {
  75              		.loc 1 83 3 is_stmt 1 view .LVU13
  76              		.loc 1 83 7 is_stmt 0 view .LVU14
  77 0026 0F48     		ldr	r0, .L11+4
  78 0028 FFF7FEFF 		bl	USBD_Start
  79              	.LVL6:
  80              		.loc 1 83 6 view .LVU15
  81 002c A0B9     		cbnz	r0, .L10
  82              	.L5:
  84:USB_Device/App/usb_device.c ****     Error_Handler();
  85:USB_Device/App/usb_device.c ****   }
  86:USB_Device/App/usb_device.c ****   /* USER CODE BEGIN USB_Device_Init_PostTreatment */
  87:USB_Device/App/usb_device.c **** 
  88:USB_Device/App/usb_device.c ****   USBD_CDC_SetRxBuffer(&hUsbDeviceFS, rxBuf);
  83              		.loc 1 88 3 is_stmt 1 view .LVU16
  84 002e 0D4C     		ldr	r4, .L11+4
ARM GAS  C:\Users\jack2\AppData\Local\Temp\ccfCP0Mz.s 			page 4


  85 0030 3146     		mov	r1, r6
  86 0032 2046     		mov	r0, r4
  87 0034 FFF7FEFF 		bl	USBD_CDC_SetRxBuffer
  88              	.LVL7:
  89:USB_Device/App/usb_device.c ****   USBD_CDC_SetTxBuffer(&hUsbDeviceFS, txBuf, 32);
  89              		.loc 1 89 3 view .LVU17
  90 0038 2022     		movs	r2, #32
  91 003a 2946     		mov	r1, r5
  92 003c 2046     		mov	r0, r4
  93 003e FFF7FEFF 		bl	USBD_CDC_SetTxBuffer
  94              	.LVL8:
  90:USB_Device/App/usb_device.c **** 
  91:USB_Device/App/usb_device.c ****   return &hUsbDeviceFS;
  95              		.loc 1 91 3 view .LVU18
  92:USB_Device/App/usb_device.c **** 
  93:USB_Device/App/usb_device.c ****   /* USER CODE END USB_Device_Init_PostTreatment */
  94:USB_Device/App/usb_device.c **** }
  96              		.loc 1 94 1 is_stmt 0 view .LVU19
  97 0042 2046     		mov	r0, r4
  98 0044 70BD     		pop	{r4, r5, r6, pc}
  99              	.LVL9:
 100              	.L7:
  75:USB_Device/App/usb_device.c ****   }
 101              		.loc 1 75 5 is_stmt 1 view .LVU20
 102 0046 FFF7FEFF 		bl	Error_Handler
 103              	.LVL10:
 104 004a E2E7     		b	.L2
 105              	.L8:
  78:USB_Device/App/usb_device.c ****   }
 106              		.loc 1 78 5 view .LVU21
 107 004c FFF7FEFF 		bl	Error_Handler
 108              	.LVL11:
 109 0050 E4E7     		b	.L3
 110              	.L9:
  81:USB_Device/App/usb_device.c ****   }
 111              		.loc 1 81 5 view .LVU22
 112 0052 FFF7FEFF 		bl	Error_Handler
 113              	.LVL12:
 114 0056 E6E7     		b	.L4
 115              	.L10:
  84:USB_Device/App/usb_device.c ****   }
 116              		.loc 1 84 5 view .LVU23
 117 0058 FFF7FEFF 		bl	Error_Handler
 118              	.LVL13:
 119 005c E7E7     		b	.L5
 120              	.L12:
 121 005e 00BF     		.align	2
 122              	.L11:
 123 0060 00000000 		.word	CDC_Desc
 124 0064 00000000 		.word	.LANCHOR0
 125 0068 00000000 		.word	USBD_CDC
 126 006c 00000000 		.word	USBD_Interface_fops_FS
 127              		.cfi_endproc
 128              	.LFE136:
 130              		.global	hUsbDeviceFS
 131              		.section	.bss.hUsbDeviceFS,"aw",%nobits
 132              		.align	2
ARM GAS  C:\Users\jack2\AppData\Local\Temp\ccfCP0Mz.s 			page 5


 133              		.set	.LANCHOR0,. + 0
 136              	hUsbDeviceFS:
 137 0000 00000000 		.space	720
 137      00000000 
 137      00000000 
 137      00000000 
 137      00000000 
 138              		.text
 139              	.Letext0:
 140              		.file 2 "c:\\programdata\\chocolatey\\lib\\gcc-arm-embedded\\tools\\gcc-arm-none-eabi-10-2020-q4-m
 141              		.file 3 "c:\\programdata\\chocolatey\\lib\\gcc-arm-embedded\\tools\\gcc-arm-none-eabi-10-2020-q4-m
 142              		.file 4 "Middlewares/ST/STM32_USB_Device_Library/Core/Inc/usbd_def.h"
 143              		.file 5 "Middlewares/ST/STM32_USB_Device_Library/Class/CDC/Inc/usbd_cdc.h"
 144              		.file 6 "USB_Device/App/usbd_desc.h"
 145              		.file 7 "USB_Device/App/usbd_cdc_if.h"
 146              		.file 8 "Middlewares/ST/STM32_USB_Device_Library/Core/Inc/usbd_core.h"
ARM GAS  C:\Users\jack2\AppData\Local\Temp\ccfCP0Mz.s 			page 6


DEFINED SYMBOLS
                            *ABS*:00000000 usb_device.c
C:\Users\jack2\AppData\Local\Temp\ccfCP0Mz.s:18     .text.MX_USB_Device_Init:00000000 $t
C:\Users\jack2\AppData\Local\Temp\ccfCP0Mz.s:26     .text.MX_USB_Device_Init:00000000 MX_USB_Device_Init
C:\Users\jack2\AppData\Local\Temp\ccfCP0Mz.s:123    .text.MX_USB_Device_Init:00000060 $d
C:\Users\jack2\AppData\Local\Temp\ccfCP0Mz.s:136    .bss.hUsbDeviceFS:00000000 hUsbDeviceFS
C:\Users\jack2\AppData\Local\Temp\ccfCP0Mz.s:132    .bss.hUsbDeviceFS:00000000 $d

UNDEFINED SYMBOLS
USBD_Init
USBD_RegisterClass
USBD_CDC_RegisterInterface
USBD_Start
USBD_CDC_SetRxBuffer
USBD_CDC_SetTxBuffer
Error_Handler
CDC_Desc
USBD_CDC
USBD_Interface_fops_FS
