ARM GAS  C:\Users\jack2\AppData\Local\Temp\ccwdyX2R.s 			page 1


   1              		.cpu cortex-m4
   2              		.eabi_attribute 27, 1
   3              		.eabi_attribute 28, 1
   4              		.eabi_attribute 20, 1
   5              		.eabi_attribute 21, 1
   6              		.eabi_attribute 23, 3
   7              		.eabi_attribute 24, 1
   8              		.eabi_attribute 25, 1
   9              		.eabi_attribute 26, 1
  10              		.eabi_attribute 30, 1
  11              		.eabi_attribute 34, 1
  12              		.eabi_attribute 18, 4
  13              		.file	"usbd_cdc_if.c"
  14              		.text
  15              	.Ltext0:
  16              		.cfi_sections	.debug_frame
  17              		.section	.text.CDC_DeInit_FS,"ax",%progbits
  18              		.align	1
  19              		.arch armv7e-m
  20              		.syntax unified
  21              		.thumb
  22              		.thumb_func
  23              		.fpu fpv4-sp-d16
  25              	CDC_DeInit_FS:
  26              	.LFB137:
  27              		.file 1 "USB_Device/App/usbd_cdc_if.c"
   1:USB_Device/App/usbd_cdc_if.c **** /* USER CODE BEGIN Header */
   2:USB_Device/App/usbd_cdc_if.c **** /**
   3:USB_Device/App/usbd_cdc_if.c ****   ******************************************************************************
   4:USB_Device/App/usbd_cdc_if.c ****   * @file           : usbd_cdc_if.c
   5:USB_Device/App/usbd_cdc_if.c ****   * @version        : v3.0_Cube
   6:USB_Device/App/usbd_cdc_if.c ****   * @brief          : Usb device for Virtual Com Port.
   7:USB_Device/App/usbd_cdc_if.c ****   ******************************************************************************
   8:USB_Device/App/usbd_cdc_if.c ****   * @attention
   9:USB_Device/App/usbd_cdc_if.c ****   *
  10:USB_Device/App/usbd_cdc_if.c ****   * <h2><center>&copy; Copyright (c) 2022 STMicroelectronics.
  11:USB_Device/App/usbd_cdc_if.c ****   * All rights reserved.</center></h2>
  12:USB_Device/App/usbd_cdc_if.c ****   *
  13:USB_Device/App/usbd_cdc_if.c ****   * This software component is licensed by ST under Ultimate Liberty license
  14:USB_Device/App/usbd_cdc_if.c ****   * SLA0044, the "License"; You may not use this file except in compliance with
  15:USB_Device/App/usbd_cdc_if.c ****   * the License. You may obtain a copy of the License at:
  16:USB_Device/App/usbd_cdc_if.c ****   *                             www.st.com/SLA0044
  17:USB_Device/App/usbd_cdc_if.c ****   *
  18:USB_Device/App/usbd_cdc_if.c ****   ******************************************************************************
  19:USB_Device/App/usbd_cdc_if.c ****   */
  20:USB_Device/App/usbd_cdc_if.c **** /* USER CODE END Header */
  21:USB_Device/App/usbd_cdc_if.c **** 
  22:USB_Device/App/usbd_cdc_if.c **** /* Includes ------------------------------------------------------------------*/
  23:USB_Device/App/usbd_cdc_if.c **** #include "usbd_cdc_if.h"
  24:USB_Device/App/usbd_cdc_if.c **** 
  25:USB_Device/App/usbd_cdc_if.c **** /* USER CODE BEGIN INCLUDE */
  26:USB_Device/App/usbd_cdc_if.c **** 
  27:USB_Device/App/usbd_cdc_if.c **** /* USER CODE END INCLUDE */
  28:USB_Device/App/usbd_cdc_if.c **** 
  29:USB_Device/App/usbd_cdc_if.c **** /* Private typedef -----------------------------------------------------------*/
  30:USB_Device/App/usbd_cdc_if.c **** /* Private define ------------------------------------------------------------*/
  31:USB_Device/App/usbd_cdc_if.c **** /* Private macro -------------------------------------------------------------*/
ARM GAS  C:\Users\jack2\AppData\Local\Temp\ccwdyX2R.s 			page 2


  32:USB_Device/App/usbd_cdc_if.c **** 
  33:USB_Device/App/usbd_cdc_if.c **** /* USER CODE BEGIN PV */
  34:USB_Device/App/usbd_cdc_if.c **** /* Private variables ---------------------------------------------------------*/
  35:USB_Device/App/usbd_cdc_if.c **** 
  36:USB_Device/App/usbd_cdc_if.c **** /* USER CODE END PV */
  37:USB_Device/App/usbd_cdc_if.c **** 
  38:USB_Device/App/usbd_cdc_if.c **** /** @addtogroup STM32_USB_OTG_DEVICE_LIBRARY
  39:USB_Device/App/usbd_cdc_if.c ****   * @brief Usb device library.
  40:USB_Device/App/usbd_cdc_if.c ****   * @{
  41:USB_Device/App/usbd_cdc_if.c ****   */
  42:USB_Device/App/usbd_cdc_if.c **** 
  43:USB_Device/App/usbd_cdc_if.c **** /** @addtogroup USBD_CDC_IF
  44:USB_Device/App/usbd_cdc_if.c ****   * @{
  45:USB_Device/App/usbd_cdc_if.c ****   */
  46:USB_Device/App/usbd_cdc_if.c **** 
  47:USB_Device/App/usbd_cdc_if.c **** /** @defgroup USBD_CDC_IF_Private_TypesDefinitions USBD_CDC_IF_Private_TypesDefinitions
  48:USB_Device/App/usbd_cdc_if.c ****   * @brief Private types.
  49:USB_Device/App/usbd_cdc_if.c ****   * @{
  50:USB_Device/App/usbd_cdc_if.c ****   */
  51:USB_Device/App/usbd_cdc_if.c **** 
  52:USB_Device/App/usbd_cdc_if.c **** /* USER CODE BEGIN PRIVATE_TYPES */
  53:USB_Device/App/usbd_cdc_if.c **** 
  54:USB_Device/App/usbd_cdc_if.c **** /* USER CODE END PRIVATE_TYPES */
  55:USB_Device/App/usbd_cdc_if.c **** 
  56:USB_Device/App/usbd_cdc_if.c **** /**
  57:USB_Device/App/usbd_cdc_if.c ****   * @}
  58:USB_Device/App/usbd_cdc_if.c ****   */
  59:USB_Device/App/usbd_cdc_if.c **** 
  60:USB_Device/App/usbd_cdc_if.c **** /** @defgroup USBD_CDC_IF_Private_Defines USBD_CDC_IF_Private_Defines
  61:USB_Device/App/usbd_cdc_if.c ****   * @brief Private defines.
  62:USB_Device/App/usbd_cdc_if.c ****   * @{
  63:USB_Device/App/usbd_cdc_if.c ****   */
  64:USB_Device/App/usbd_cdc_if.c **** 
  65:USB_Device/App/usbd_cdc_if.c **** /* USER CODE BEGIN PRIVATE_DEFINES */
  66:USB_Device/App/usbd_cdc_if.c **** /* USER CODE END PRIVATE_DEFINES */
  67:USB_Device/App/usbd_cdc_if.c **** 
  68:USB_Device/App/usbd_cdc_if.c **** /**
  69:USB_Device/App/usbd_cdc_if.c ****   * @}
  70:USB_Device/App/usbd_cdc_if.c ****   */
  71:USB_Device/App/usbd_cdc_if.c **** 
  72:USB_Device/App/usbd_cdc_if.c **** /** @defgroup USBD_CDC_IF_Private_Macros USBD_CDC_IF_Private_Macros
  73:USB_Device/App/usbd_cdc_if.c ****   * @brief Private macros.
  74:USB_Device/App/usbd_cdc_if.c ****   * @{
  75:USB_Device/App/usbd_cdc_if.c ****   */
  76:USB_Device/App/usbd_cdc_if.c **** 
  77:USB_Device/App/usbd_cdc_if.c **** /* USER CODE BEGIN PRIVATE_MACRO */
  78:USB_Device/App/usbd_cdc_if.c **** 
  79:USB_Device/App/usbd_cdc_if.c **** /* USER CODE END PRIVATE_MACRO */
  80:USB_Device/App/usbd_cdc_if.c **** 
  81:USB_Device/App/usbd_cdc_if.c **** /**
  82:USB_Device/App/usbd_cdc_if.c ****   * @}
  83:USB_Device/App/usbd_cdc_if.c ****   */
  84:USB_Device/App/usbd_cdc_if.c **** 
  85:USB_Device/App/usbd_cdc_if.c **** /** @defgroup USBD_CDC_IF_Private_Variables USBD_CDC_IF_Private_Variables
  86:USB_Device/App/usbd_cdc_if.c ****   * @brief Private variables.
  87:USB_Device/App/usbd_cdc_if.c ****   * @{
  88:USB_Device/App/usbd_cdc_if.c ****   */
ARM GAS  C:\Users\jack2\AppData\Local\Temp\ccwdyX2R.s 			page 3


  89:USB_Device/App/usbd_cdc_if.c **** /* Create buffer for reception and transmission           */
  90:USB_Device/App/usbd_cdc_if.c **** /* It's up to user to redefine and/or remove those define */
  91:USB_Device/App/usbd_cdc_if.c **** /** Received data over USB are stored in this buffer      */
  92:USB_Device/App/usbd_cdc_if.c **** uint8_t UserRxBufferFS[APP_RX_DATA_SIZE];
  93:USB_Device/App/usbd_cdc_if.c **** 
  94:USB_Device/App/usbd_cdc_if.c **** /** Data to send over USB CDC are stored in this buffer   */
  95:USB_Device/App/usbd_cdc_if.c **** uint8_t UserTxBufferFS[APP_TX_DATA_SIZE];
  96:USB_Device/App/usbd_cdc_if.c **** 
  97:USB_Device/App/usbd_cdc_if.c **** /* USER CODE BEGIN PRIVATE_VARIABLES */
  98:USB_Device/App/usbd_cdc_if.c **** 
  99:USB_Device/App/usbd_cdc_if.c **** /* USER CODE END PRIVATE_VARIABLES */
 100:USB_Device/App/usbd_cdc_if.c **** 
 101:USB_Device/App/usbd_cdc_if.c **** /**
 102:USB_Device/App/usbd_cdc_if.c ****   * @}
 103:USB_Device/App/usbd_cdc_if.c ****   */
 104:USB_Device/App/usbd_cdc_if.c **** 
 105:USB_Device/App/usbd_cdc_if.c **** /** @defgroup USBD_CDC_IF_Exported_Variables USBD_CDC_IF_Exported_Variables
 106:USB_Device/App/usbd_cdc_if.c ****   * @brief Public variables.
 107:USB_Device/App/usbd_cdc_if.c ****   * @{
 108:USB_Device/App/usbd_cdc_if.c ****   */
 109:USB_Device/App/usbd_cdc_if.c **** 
 110:USB_Device/App/usbd_cdc_if.c **** extern USBD_HandleTypeDef hUsbDeviceFS;
 111:USB_Device/App/usbd_cdc_if.c **** 
 112:USB_Device/App/usbd_cdc_if.c **** /* USER CODE BEGIN EXPORTED_VARIABLES */
 113:USB_Device/App/usbd_cdc_if.c **** 
 114:USB_Device/App/usbd_cdc_if.c **** /* USER CODE END EXPORTED_VARIABLES */
 115:USB_Device/App/usbd_cdc_if.c **** 
 116:USB_Device/App/usbd_cdc_if.c **** /**
 117:USB_Device/App/usbd_cdc_if.c ****   * @}
 118:USB_Device/App/usbd_cdc_if.c ****   */
 119:USB_Device/App/usbd_cdc_if.c **** 
 120:USB_Device/App/usbd_cdc_if.c **** /** @defgroup USBD_CDC_IF_Private_FunctionPrototypes USBD_CDC_IF_Private_FunctionPrototypes
 121:USB_Device/App/usbd_cdc_if.c ****   * @brief Private functions declaration.
 122:USB_Device/App/usbd_cdc_if.c ****   * @{
 123:USB_Device/App/usbd_cdc_if.c ****   */
 124:USB_Device/App/usbd_cdc_if.c **** 
 125:USB_Device/App/usbd_cdc_if.c **** static int8_t CDC_Init_FS(void);
 126:USB_Device/App/usbd_cdc_if.c **** static int8_t CDC_DeInit_FS(void);
 127:USB_Device/App/usbd_cdc_if.c **** static int8_t CDC_Control_FS(uint8_t cmd, uint8_t* pbuf, uint16_t length);
 128:USB_Device/App/usbd_cdc_if.c **** static int8_t CDC_Receive_FS(uint8_t* pbuf, uint32_t *Len);
 129:USB_Device/App/usbd_cdc_if.c **** static int8_t CDC_TransmitCplt_FS(uint8_t *pbuf, uint32_t *Len, uint8_t epnum);
 130:USB_Device/App/usbd_cdc_if.c **** 
 131:USB_Device/App/usbd_cdc_if.c **** /* USER CODE BEGIN PRIVATE_FUNCTIONS_DECLARATION */
 132:USB_Device/App/usbd_cdc_if.c **** 
 133:USB_Device/App/usbd_cdc_if.c **** /* USER CODE END PRIVATE_FUNCTIONS_DECLARATION */
 134:USB_Device/App/usbd_cdc_if.c **** 
 135:USB_Device/App/usbd_cdc_if.c **** /**
 136:USB_Device/App/usbd_cdc_if.c ****   * @}
 137:USB_Device/App/usbd_cdc_if.c ****   */
 138:USB_Device/App/usbd_cdc_if.c **** 
 139:USB_Device/App/usbd_cdc_if.c **** USBD_CDC_ItfTypeDef USBD_Interface_fops_FS =
 140:USB_Device/App/usbd_cdc_if.c **** {
 141:USB_Device/App/usbd_cdc_if.c ****   CDC_Init_FS,
 142:USB_Device/App/usbd_cdc_if.c ****   CDC_DeInit_FS,
 143:USB_Device/App/usbd_cdc_if.c ****   CDC_Control_FS,
 144:USB_Device/App/usbd_cdc_if.c ****   CDC_Receive_FS,
 145:USB_Device/App/usbd_cdc_if.c ****   CDC_TransmitCplt_FS
ARM GAS  C:\Users\jack2\AppData\Local\Temp\ccwdyX2R.s 			page 4


 146:USB_Device/App/usbd_cdc_if.c **** };
 147:USB_Device/App/usbd_cdc_if.c **** 
 148:USB_Device/App/usbd_cdc_if.c **** /* Private functions ---------------------------------------------------------*/
 149:USB_Device/App/usbd_cdc_if.c **** /**
 150:USB_Device/App/usbd_cdc_if.c ****   * @brief  Initializes the CDC media low layer over the FS USB IP
 151:USB_Device/App/usbd_cdc_if.c ****   * @retval USBD_OK if all operations are OK else USBD_FAIL
 152:USB_Device/App/usbd_cdc_if.c ****   */
 153:USB_Device/App/usbd_cdc_if.c **** static int8_t CDC_Init_FS(void)
 154:USB_Device/App/usbd_cdc_if.c **** {
 155:USB_Device/App/usbd_cdc_if.c ****   /* USER CODE BEGIN 3 */
 156:USB_Device/App/usbd_cdc_if.c ****   /* Set Application Buffers */
 157:USB_Device/App/usbd_cdc_if.c ****   USBD_CDC_SetTxBuffer(&hUsbDeviceFS, UserTxBufferFS, 0);
 158:USB_Device/App/usbd_cdc_if.c ****   USBD_CDC_SetRxBuffer(&hUsbDeviceFS, UserRxBufferFS);
 159:USB_Device/App/usbd_cdc_if.c ****   return (USBD_OK);
 160:USB_Device/App/usbd_cdc_if.c ****   /* USER CODE END 3 */
 161:USB_Device/App/usbd_cdc_if.c **** }
 162:USB_Device/App/usbd_cdc_if.c **** 
 163:USB_Device/App/usbd_cdc_if.c **** /**
 164:USB_Device/App/usbd_cdc_if.c ****   * @brief  DeInitializes the CDC media low layer
 165:USB_Device/App/usbd_cdc_if.c ****   * @retval USBD_OK if all operations are OK else USBD_FAIL
 166:USB_Device/App/usbd_cdc_if.c ****   */
 167:USB_Device/App/usbd_cdc_if.c **** static int8_t CDC_DeInit_FS(void)
 168:USB_Device/App/usbd_cdc_if.c **** {
  28              		.loc 1 168 1 view -0
  29              		.cfi_startproc
  30              		@ args = 0, pretend = 0, frame = 0
  31              		@ frame_needed = 0, uses_anonymous_args = 0
  32              		@ link register save eliminated.
 169:USB_Device/App/usbd_cdc_if.c ****   /* USER CODE BEGIN 4 */
 170:USB_Device/App/usbd_cdc_if.c ****   return (USBD_OK);
  33              		.loc 1 170 3 view .LVU1
 171:USB_Device/App/usbd_cdc_if.c ****   /* USER CODE END 4 */
 172:USB_Device/App/usbd_cdc_if.c **** }
  34              		.loc 1 172 1 is_stmt 0 view .LVU2
  35 0000 0020     		movs	r0, #0
  36 0002 7047     		bx	lr
  37              		.cfi_endproc
  38              	.LFE137:
  40              		.section	.text.CDC_Control_FS,"ax",%progbits
  41              		.align	1
  42              		.syntax unified
  43              		.thumb
  44              		.thumb_func
  45              		.fpu fpv4-sp-d16
  47              	CDC_Control_FS:
  48              	.LVL0:
  49              	.LFB138:
 173:USB_Device/App/usbd_cdc_if.c **** 
 174:USB_Device/App/usbd_cdc_if.c **** /**
 175:USB_Device/App/usbd_cdc_if.c ****   * @brief  Manage the CDC class requests
 176:USB_Device/App/usbd_cdc_if.c ****   * @param  cmd: Command code
 177:USB_Device/App/usbd_cdc_if.c ****   * @param  pbuf: Buffer containing command data (request parameters)
 178:USB_Device/App/usbd_cdc_if.c ****   * @param  length: Number of data to be sent (in bytes)
 179:USB_Device/App/usbd_cdc_if.c ****   * @retval Result of the operation: USBD_OK if all operations are OK else USBD_FAIL
 180:USB_Device/App/usbd_cdc_if.c ****   */
 181:USB_Device/App/usbd_cdc_if.c **** static int8_t CDC_Control_FS(uint8_t cmd, uint8_t* pbuf, uint16_t length)
 182:USB_Device/App/usbd_cdc_if.c **** {
ARM GAS  C:\Users\jack2\AppData\Local\Temp\ccwdyX2R.s 			page 5


  50              		.loc 1 182 1 is_stmt 1 view -0
  51              		.cfi_startproc
  52              		@ args = 0, pretend = 0, frame = 0
  53              		@ frame_needed = 0, uses_anonymous_args = 0
  54              		@ link register save eliminated.
 183:USB_Device/App/usbd_cdc_if.c ****   /* USER CODE BEGIN 5 */
 184:USB_Device/App/usbd_cdc_if.c ****   switch(cmd)
  55              		.loc 1 184 3 view .LVU4
 185:USB_Device/App/usbd_cdc_if.c ****   {
 186:USB_Device/App/usbd_cdc_if.c ****     case CDC_SEND_ENCAPSULATED_COMMAND:
 187:USB_Device/App/usbd_cdc_if.c **** 
 188:USB_Device/App/usbd_cdc_if.c ****     break;
 189:USB_Device/App/usbd_cdc_if.c **** 
 190:USB_Device/App/usbd_cdc_if.c ****     case CDC_GET_ENCAPSULATED_RESPONSE:
 191:USB_Device/App/usbd_cdc_if.c **** 
 192:USB_Device/App/usbd_cdc_if.c ****     break;
 193:USB_Device/App/usbd_cdc_if.c **** 
 194:USB_Device/App/usbd_cdc_if.c ****     case CDC_SET_COMM_FEATURE:
 195:USB_Device/App/usbd_cdc_if.c **** 
 196:USB_Device/App/usbd_cdc_if.c ****     break;
 197:USB_Device/App/usbd_cdc_if.c **** 
 198:USB_Device/App/usbd_cdc_if.c ****     case CDC_GET_COMM_FEATURE:
 199:USB_Device/App/usbd_cdc_if.c **** 
 200:USB_Device/App/usbd_cdc_if.c ****     break;
 201:USB_Device/App/usbd_cdc_if.c **** 
 202:USB_Device/App/usbd_cdc_if.c ****     case CDC_CLEAR_COMM_FEATURE:
 203:USB_Device/App/usbd_cdc_if.c **** 
 204:USB_Device/App/usbd_cdc_if.c ****     break;
 205:USB_Device/App/usbd_cdc_if.c **** 
 206:USB_Device/App/usbd_cdc_if.c ****   /*******************************************************************************/
 207:USB_Device/App/usbd_cdc_if.c ****   /* Line Coding Structure                                                       */
 208:USB_Device/App/usbd_cdc_if.c ****   /*-----------------------------------------------------------------------------*/
 209:USB_Device/App/usbd_cdc_if.c ****   /* Offset | Field       | Size | Value  | Description                          */
 210:USB_Device/App/usbd_cdc_if.c ****   /* 0      | dwDTERate   |   4  | Number |Data terminal rate, in bits per second*/
 211:USB_Device/App/usbd_cdc_if.c ****   /* 4      | bCharFormat |   1  | Number | Stop bits                            */
 212:USB_Device/App/usbd_cdc_if.c ****   /*                                        0 - 1 Stop bit                       */
 213:USB_Device/App/usbd_cdc_if.c ****   /*                                        1 - 1.5 Stop bits                    */
 214:USB_Device/App/usbd_cdc_if.c ****   /*                                        2 - 2 Stop bits                      */
 215:USB_Device/App/usbd_cdc_if.c ****   /* 5      | bParityType |  1   | Number | Parity                               */
 216:USB_Device/App/usbd_cdc_if.c ****   /*                                        0 - None                             */
 217:USB_Device/App/usbd_cdc_if.c ****   /*                                        1 - Odd                              */
 218:USB_Device/App/usbd_cdc_if.c ****   /*                                        2 - Even                             */
 219:USB_Device/App/usbd_cdc_if.c ****   /*                                        3 - Mark                             */
 220:USB_Device/App/usbd_cdc_if.c ****   /*                                        4 - Space                            */
 221:USB_Device/App/usbd_cdc_if.c ****   /* 6      | bDataBits  |   1   | Number Data bits (5, 6, 7, 8 or 16).          */
 222:USB_Device/App/usbd_cdc_if.c ****   /*******************************************************************************/
 223:USB_Device/App/usbd_cdc_if.c ****     case CDC_SET_LINE_CODING:
 224:USB_Device/App/usbd_cdc_if.c **** 
 225:USB_Device/App/usbd_cdc_if.c ****     break;
 226:USB_Device/App/usbd_cdc_if.c **** 
 227:USB_Device/App/usbd_cdc_if.c ****     case CDC_GET_LINE_CODING:
 228:USB_Device/App/usbd_cdc_if.c **** 
 229:USB_Device/App/usbd_cdc_if.c ****     break;
 230:USB_Device/App/usbd_cdc_if.c **** 
 231:USB_Device/App/usbd_cdc_if.c ****     case CDC_SET_CONTROL_LINE_STATE:
 232:USB_Device/App/usbd_cdc_if.c **** 
 233:USB_Device/App/usbd_cdc_if.c ****     break;
ARM GAS  C:\Users\jack2\AppData\Local\Temp\ccwdyX2R.s 			page 6


 234:USB_Device/App/usbd_cdc_if.c **** 
 235:USB_Device/App/usbd_cdc_if.c ****     case CDC_SEND_BREAK:
 236:USB_Device/App/usbd_cdc_if.c **** 
 237:USB_Device/App/usbd_cdc_if.c ****     break;
 238:USB_Device/App/usbd_cdc_if.c **** 
 239:USB_Device/App/usbd_cdc_if.c ****   default:
 240:USB_Device/App/usbd_cdc_if.c ****     break;
 241:USB_Device/App/usbd_cdc_if.c ****   }
 242:USB_Device/App/usbd_cdc_if.c **** 
 243:USB_Device/App/usbd_cdc_if.c ****   return (USBD_OK);
  56              		.loc 1 243 3 view .LVU5
 244:USB_Device/App/usbd_cdc_if.c ****   /* USER CODE END 5 */
 245:USB_Device/App/usbd_cdc_if.c **** }
  57              		.loc 1 245 1 is_stmt 0 view .LVU6
  58 0000 0020     		movs	r0, #0
  59              	.LVL1:
  60              		.loc 1 245 1 view .LVU7
  61 0002 7047     		bx	lr
  62              		.cfi_endproc
  63              	.LFE138:
  65              		.section	.text.CDC_TransmitCplt_FS,"ax",%progbits
  66              		.align	1
  67              		.syntax unified
  68              		.thumb
  69              		.thumb_func
  70              		.fpu fpv4-sp-d16
  72              	CDC_TransmitCplt_FS:
  73              	.LVL2:
  74              	.LFB141:
 246:USB_Device/App/usbd_cdc_if.c **** 
 247:USB_Device/App/usbd_cdc_if.c **** /**
 248:USB_Device/App/usbd_cdc_if.c ****   * @brief  Data received over USB OUT endpoint are sent over CDC interface
 249:USB_Device/App/usbd_cdc_if.c ****   *         through this function.
 250:USB_Device/App/usbd_cdc_if.c ****   *
 251:USB_Device/App/usbd_cdc_if.c ****   *         @note
 252:USB_Device/App/usbd_cdc_if.c ****   *         This function will issue a NAK packet on any OUT packet received on
 253:USB_Device/App/usbd_cdc_if.c ****   *         USB endpoint until exiting this function. If you exit this function
 254:USB_Device/App/usbd_cdc_if.c ****   *         before transfer is complete on CDC interface (ie. using DMA controller)
 255:USB_Device/App/usbd_cdc_if.c ****   *         it will result in receiving more data while previous ones are still
 256:USB_Device/App/usbd_cdc_if.c ****   *         not sent.
 257:USB_Device/App/usbd_cdc_if.c ****   *
 258:USB_Device/App/usbd_cdc_if.c ****   * @param  Buf: Buffer of data to be received
 259:USB_Device/App/usbd_cdc_if.c ****   * @param  Len: Number of data received (in bytes)
 260:USB_Device/App/usbd_cdc_if.c ****   * @retval Result of the operation: USBD_OK if all operations are OK else USBD_FAIL
 261:USB_Device/App/usbd_cdc_if.c ****   */
 262:USB_Device/App/usbd_cdc_if.c **** 
 263:USB_Device/App/usbd_cdc_if.c **** 
 264:USB_Device/App/usbd_cdc_if.c **** extern int8_t rxBuf[32];
 265:USB_Device/App/usbd_cdc_if.c **** 
 266:USB_Device/App/usbd_cdc_if.c **** static int8_t CDC_Receive_FS(uint8_t* Buf, uint32_t *Len)
 267:USB_Device/App/usbd_cdc_if.c **** {
 268:USB_Device/App/usbd_cdc_if.c ****   /* USER CODE BEGIN 6 */
 269:USB_Device/App/usbd_cdc_if.c ****   USBD_CDC_SetRxBuffer(&hUsbDeviceFS, &Buf[0]);
 270:USB_Device/App/usbd_cdc_if.c ****   USBD_CDC_ReceivePacket(&hUsbDeviceFS);
 271:USB_Device/App/usbd_cdc_if.c **** 
 272:USB_Device/App/usbd_cdc_if.c ****   int i = 0;
 273:USB_Device/App/usbd_cdc_if.c ****   for (; i < *Len; i++)
ARM GAS  C:\Users\jack2\AppData\Local\Temp\ccwdyX2R.s 			page 7


 274:USB_Device/App/usbd_cdc_if.c ****   {
 275:USB_Device/App/usbd_cdc_if.c ****     rxBuf[i] = Buf[i];
 276:USB_Device/App/usbd_cdc_if.c ****     if (i == 31)
 277:USB_Device/App/usbd_cdc_if.c ****     {
 278:USB_Device/App/usbd_cdc_if.c ****       return (USBD_FAIL);
 279:USB_Device/App/usbd_cdc_if.c ****     }
 280:USB_Device/App/usbd_cdc_if.c ****   }
 281:USB_Device/App/usbd_cdc_if.c ****   for (; i < 32; i++)
 282:USB_Device/App/usbd_cdc_if.c ****   {
 283:USB_Device/App/usbd_cdc_if.c ****     rxBuf[i] = '\0';
 284:USB_Device/App/usbd_cdc_if.c ****   }
 285:USB_Device/App/usbd_cdc_if.c **** 
 286:USB_Device/App/usbd_cdc_if.c ****   return (USBD_OK);
 287:USB_Device/App/usbd_cdc_if.c ****   /* USER CODE END 6 */
 288:USB_Device/App/usbd_cdc_if.c **** }
 289:USB_Device/App/usbd_cdc_if.c **** 
 290:USB_Device/App/usbd_cdc_if.c **** /**
 291:USB_Device/App/usbd_cdc_if.c ****   * @brief  CDC_Transmit_FS
 292:USB_Device/App/usbd_cdc_if.c ****   *         Data to send over USB IN endpoint are sent over CDC interface
 293:USB_Device/App/usbd_cdc_if.c ****   *         through this function.
 294:USB_Device/App/usbd_cdc_if.c ****   *         @note
 295:USB_Device/App/usbd_cdc_if.c ****   *
 296:USB_Device/App/usbd_cdc_if.c ****   *
 297:USB_Device/App/usbd_cdc_if.c ****   * @param  Buf: Buffer of data to be sent
 298:USB_Device/App/usbd_cdc_if.c ****   * @param  Len: Number of data to be sent (in bytes)
 299:USB_Device/App/usbd_cdc_if.c ****   * @retval USBD_OK if all operations are OK else USBD_FAIL or USBD_BUSY
 300:USB_Device/App/usbd_cdc_if.c ****   */
 301:USB_Device/App/usbd_cdc_if.c **** uint8_t CDC_Transmit_FS(uint8_t* Buf, uint16_t Len)
 302:USB_Device/App/usbd_cdc_if.c **** {
 303:USB_Device/App/usbd_cdc_if.c ****   uint8_t result = USBD_OK;
 304:USB_Device/App/usbd_cdc_if.c ****   /* USER CODE BEGIN 7 */
 305:USB_Device/App/usbd_cdc_if.c ****   USBD_CDC_HandleTypeDef *hcdc = (USBD_CDC_HandleTypeDef*)hUsbDeviceFS.pClassData;
 306:USB_Device/App/usbd_cdc_if.c ****   if (hcdc->TxState != 0){
 307:USB_Device/App/usbd_cdc_if.c ****     return USBD_BUSY;
 308:USB_Device/App/usbd_cdc_if.c ****   }
 309:USB_Device/App/usbd_cdc_if.c ****   USBD_CDC_SetTxBuffer(&hUsbDeviceFS, Buf, Len);
 310:USB_Device/App/usbd_cdc_if.c ****   result = USBD_CDC_TransmitPacket(&hUsbDeviceFS);
 311:USB_Device/App/usbd_cdc_if.c ****   /* USER CODE END 7 */
 312:USB_Device/App/usbd_cdc_if.c ****   return result;
 313:USB_Device/App/usbd_cdc_if.c **** }
 314:USB_Device/App/usbd_cdc_if.c **** 
 315:USB_Device/App/usbd_cdc_if.c **** /**
 316:USB_Device/App/usbd_cdc_if.c ****   * @brief  CDC_TransmitCplt_FS
 317:USB_Device/App/usbd_cdc_if.c ****   *         Data transmitted callback
 318:USB_Device/App/usbd_cdc_if.c ****   *
 319:USB_Device/App/usbd_cdc_if.c ****   *         @note
 320:USB_Device/App/usbd_cdc_if.c ****   *         This function is IN transfer complete callback used to inform user that
 321:USB_Device/App/usbd_cdc_if.c ****   *         the submitted Data is successfully sent over USB.
 322:USB_Device/App/usbd_cdc_if.c ****   *
 323:USB_Device/App/usbd_cdc_if.c ****   * @param  Buf: Buffer of data to be received
 324:USB_Device/App/usbd_cdc_if.c ****   * @param  Len: Number of data received (in bytes)
 325:USB_Device/App/usbd_cdc_if.c ****   * @retval Result of the operation: USBD_OK if all operations are OK else USBD_FAIL
 326:USB_Device/App/usbd_cdc_if.c ****   */
 327:USB_Device/App/usbd_cdc_if.c **** static int8_t CDC_TransmitCplt_FS(uint8_t *Buf, uint32_t *Len, uint8_t epnum)
 328:USB_Device/App/usbd_cdc_if.c **** {
  75              		.loc 1 328 1 is_stmt 1 view -0
  76              		.cfi_startproc
ARM GAS  C:\Users\jack2\AppData\Local\Temp\ccwdyX2R.s 			page 8


  77              		@ args = 0, pretend = 0, frame = 0
  78              		@ frame_needed = 0, uses_anonymous_args = 0
  79              		@ link register save eliminated.
 329:USB_Device/App/usbd_cdc_if.c ****   uint8_t result = USBD_OK;
  80              		.loc 1 329 3 view .LVU9
 330:USB_Device/App/usbd_cdc_if.c ****   /* USER CODE BEGIN 13 */
 331:USB_Device/App/usbd_cdc_if.c ****   UNUSED(Buf);
  81              		.loc 1 331 3 view .LVU10
 332:USB_Device/App/usbd_cdc_if.c ****   UNUSED(Len);
  82              		.loc 1 332 3 view .LVU11
 333:USB_Device/App/usbd_cdc_if.c ****   UNUSED(epnum);
  83              		.loc 1 333 3 view .LVU12
 334:USB_Device/App/usbd_cdc_if.c ****   /* USER CODE END 13 */
 335:USB_Device/App/usbd_cdc_if.c ****   return result;
  84              		.loc 1 335 3 view .LVU13
 336:USB_Device/App/usbd_cdc_if.c **** }
  85              		.loc 1 336 1 is_stmt 0 view .LVU14
  86 0000 0020     		movs	r0, #0
  87              	.LVL3:
  88              		.loc 1 336 1 view .LVU15
  89 0002 7047     		bx	lr
  90              		.cfi_endproc
  91              	.LFE141:
  93              		.section	.text.CDC_Receive_FS,"ax",%progbits
  94              		.align	1
  95              		.syntax unified
  96              		.thumb
  97              		.thumb_func
  98              		.fpu fpv4-sp-d16
 100              	CDC_Receive_FS:
 101              	.LVL4:
 102              	.LFB139:
 267:USB_Device/App/usbd_cdc_if.c ****   /* USER CODE BEGIN 6 */
 103              		.loc 1 267 1 is_stmt 1 view -0
 104              		.cfi_startproc
 105              		@ args = 0, pretend = 0, frame = 0
 106              		@ frame_needed = 0, uses_anonymous_args = 0
 267:USB_Device/App/usbd_cdc_if.c ****   /* USER CODE BEGIN 6 */
 107              		.loc 1 267 1 is_stmt 0 view .LVU17
 108 0000 70B5     		push	{r4, r5, r6, lr}
 109              		.cfi_def_cfa_offset 16
 110              		.cfi_offset 4, -16
 111              		.cfi_offset 5, -12
 112              		.cfi_offset 6, -8
 113              		.cfi_offset 14, -4
 114 0002 0446     		mov	r4, r0
 115 0004 0D46     		mov	r5, r1
 269:USB_Device/App/usbd_cdc_if.c ****   USBD_CDC_ReceivePacket(&hUsbDeviceFS);
 116              		.loc 1 269 3 is_stmt 1 view .LVU18
 117 0006 104E     		ldr	r6, .L13
 118 0008 0146     		mov	r1, r0
 119              	.LVL5:
 269:USB_Device/App/usbd_cdc_if.c ****   USBD_CDC_ReceivePacket(&hUsbDeviceFS);
 120              		.loc 1 269 3 is_stmt 0 view .LVU19
 121 000a 3046     		mov	r0, r6
 122              	.LVL6:
 269:USB_Device/App/usbd_cdc_if.c ****   USBD_CDC_ReceivePacket(&hUsbDeviceFS);
ARM GAS  C:\Users\jack2\AppData\Local\Temp\ccwdyX2R.s 			page 9


 123              		.loc 1 269 3 view .LVU20
 124 000c FFF7FEFF 		bl	USBD_CDC_SetRxBuffer
 125              	.LVL7:
 270:USB_Device/App/usbd_cdc_if.c **** 
 126              		.loc 1 270 3 is_stmt 1 view .LVU21
 127 0010 3046     		mov	r0, r6
 128 0012 FFF7FEFF 		bl	USBD_CDC_ReceivePacket
 129              	.LVL8:
 272:USB_Device/App/usbd_cdc_if.c ****   for (; i < *Len; i++)
 130              		.loc 1 272 3 view .LVU22
 273:USB_Device/App/usbd_cdc_if.c ****   {
 131              		.loc 1 273 3 view .LVU23
 272:USB_Device/App/usbd_cdc_if.c ****   for (; i < *Len; i++)
 132              		.loc 1 272 7 is_stmt 0 view .LVU24
 133 0016 0023     		movs	r3, #0
 134              	.LVL9:
 135              	.L5:
 273:USB_Device/App/usbd_cdc_if.c ****   {
 136              		.loc 1 273 10 is_stmt 1 discriminator 1 view .LVU25
 273:USB_Device/App/usbd_cdc_if.c ****   {
 137              		.loc 1 273 14 is_stmt 0 discriminator 1 view .LVU26
 138 0018 2A68     		ldr	r2, [r5]
 273:USB_Device/App/usbd_cdc_if.c ****   {
 139              		.loc 1 273 3 discriminator 1 view .LVU27
 140 001a 9A42     		cmp	r2, r3
 141 001c 08D9     		bls	.L8
 275:USB_Device/App/usbd_cdc_if.c ****     if (i == 31)
 142              		.loc 1 275 5 is_stmt 1 view .LVU28
 275:USB_Device/App/usbd_cdc_if.c ****     if (i == 31)
 143              		.loc 1 275 19 is_stmt 0 view .LVU29
 144 001e 14F903C0 		ldrsb	ip, [r4, r3]
 275:USB_Device/App/usbd_cdc_if.c ****     if (i == 31)
 145              		.loc 1 275 14 view .LVU30
 146 0022 0A4A     		ldr	r2, .L13+4
 147 0024 02F803C0 		strb	ip, [r2, r3]
 276:USB_Device/App/usbd_cdc_if.c ****     {
 148              		.loc 1 276 5 is_stmt 1 view .LVU31
 276:USB_Device/App/usbd_cdc_if.c ****     {
 149              		.loc 1 276 8 is_stmt 0 view .LVU32
 150 0028 1F2B     		cmp	r3, #31
 151 002a 0AD0     		beq	.L10
 273:USB_Device/App/usbd_cdc_if.c ****   {
 152              		.loc 1 273 20 is_stmt 1 view .LVU33
 273:USB_Device/App/usbd_cdc_if.c ****   {
 153              		.loc 1 273 21 is_stmt 0 view .LVU34
 154 002c 0133     		adds	r3, r3, #1
 155              	.LVL10:
 273:USB_Device/App/usbd_cdc_if.c ****   {
 156              		.loc 1 273 21 view .LVU35
 157 002e F3E7     		b	.L5
 158              	.L8:
 281:USB_Device/App/usbd_cdc_if.c ****   {
 159              		.loc 1 281 10 is_stmt 1 discriminator 1 view .LVU36
 281:USB_Device/App/usbd_cdc_if.c ****   {
 160              		.loc 1 281 3 is_stmt 0 discriminator 1 view .LVU37
 161 0030 1F2B     		cmp	r3, #31
 162 0032 04DC     		bgt	.L12
ARM GAS  C:\Users\jack2\AppData\Local\Temp\ccwdyX2R.s 			page 10


 283:USB_Device/App/usbd_cdc_if.c ****   }
 163              		.loc 1 283 5 is_stmt 1 discriminator 2 view .LVU38
 283:USB_Device/App/usbd_cdc_if.c ****   }
 164              		.loc 1 283 14 is_stmt 0 discriminator 2 view .LVU39
 165 0034 054A     		ldr	r2, .L13+4
 166 0036 0021     		movs	r1, #0
 167 0038 D154     		strb	r1, [r2, r3]
 281:USB_Device/App/usbd_cdc_if.c ****   {
 168              		.loc 1 281 18 is_stmt 1 discriminator 2 view .LVU40
 281:USB_Device/App/usbd_cdc_if.c ****   {
 169              		.loc 1 281 19 is_stmt 0 discriminator 2 view .LVU41
 170 003a 0133     		adds	r3, r3, #1
 171              	.LVL11:
 281:USB_Device/App/usbd_cdc_if.c ****   {
 172              		.loc 1 281 19 discriminator 2 view .LVU42
 173 003c F8E7     		b	.L8
 174              	.L12:
 286:USB_Device/App/usbd_cdc_if.c ****   /* USER CODE END 6 */
 175              		.loc 1 286 10 view .LVU43
 176 003e 0020     		movs	r0, #0
 177              	.L6:
 288:USB_Device/App/usbd_cdc_if.c **** 
 178              		.loc 1 288 1 view .LVU44
 179 0040 70BD     		pop	{r4, r5, r6, pc}
 180              	.LVL12:
 181              	.L10:
 278:USB_Device/App/usbd_cdc_if.c ****     }
 182              		.loc 1 278 14 view .LVU45
 183 0042 0320     		movs	r0, #3
 184 0044 FCE7     		b	.L6
 185              	.L14:
 186 0046 00BF     		.align	2
 187              	.L13:
 188 0048 00000000 		.word	hUsbDeviceFS
 189 004c 00000000 		.word	rxBuf
 190              		.cfi_endproc
 191              	.LFE139:
 193              		.section	.text.CDC_Init_FS,"ax",%progbits
 194              		.align	1
 195              		.syntax unified
 196              		.thumb
 197              		.thumb_func
 198              		.fpu fpv4-sp-d16
 200              	CDC_Init_FS:
 201              	.LFB136:
 154:USB_Device/App/usbd_cdc_if.c ****   /* USER CODE BEGIN 3 */
 202              		.loc 1 154 1 is_stmt 1 view -0
 203              		.cfi_startproc
 204              		@ args = 0, pretend = 0, frame = 0
 205              		@ frame_needed = 0, uses_anonymous_args = 0
 206 0000 10B5     		push	{r4, lr}
 207              		.cfi_def_cfa_offset 8
 208              		.cfi_offset 4, -8
 209              		.cfi_offset 14, -4
 157:USB_Device/App/usbd_cdc_if.c ****   USBD_CDC_SetRxBuffer(&hUsbDeviceFS, UserRxBufferFS);
 210              		.loc 1 157 3 view .LVU47
 211 0002 064C     		ldr	r4, .L17
ARM GAS  C:\Users\jack2\AppData\Local\Temp\ccwdyX2R.s 			page 11


 212 0004 0022     		movs	r2, #0
 213 0006 0649     		ldr	r1, .L17+4
 214 0008 2046     		mov	r0, r4
 215 000a FFF7FEFF 		bl	USBD_CDC_SetTxBuffer
 216              	.LVL13:
 158:USB_Device/App/usbd_cdc_if.c ****   return (USBD_OK);
 217              		.loc 1 158 3 view .LVU48
 218 000e 0549     		ldr	r1, .L17+8
 219 0010 2046     		mov	r0, r4
 220 0012 FFF7FEFF 		bl	USBD_CDC_SetRxBuffer
 221              	.LVL14:
 159:USB_Device/App/usbd_cdc_if.c ****   /* USER CODE END 3 */
 222              		.loc 1 159 3 view .LVU49
 161:USB_Device/App/usbd_cdc_if.c **** 
 223              		.loc 1 161 1 is_stmt 0 view .LVU50
 224 0016 0020     		movs	r0, #0
 225 0018 10BD     		pop	{r4, pc}
 226              	.L18:
 227 001a 00BF     		.align	2
 228              	.L17:
 229 001c 00000000 		.word	hUsbDeviceFS
 230 0020 00000000 		.word	.LANCHOR0
 231 0024 00000000 		.word	.LANCHOR1
 232              		.cfi_endproc
 233              	.LFE136:
 235              		.section	.text.CDC_Transmit_FS,"ax",%progbits
 236              		.align	1
 237              		.global	CDC_Transmit_FS
 238              		.syntax unified
 239              		.thumb
 240              		.thumb_func
 241              		.fpu fpv4-sp-d16
 243              	CDC_Transmit_FS:
 244              	.LVL15:
 245              	.LFB140:
 302:USB_Device/App/usbd_cdc_if.c ****   uint8_t result = USBD_OK;
 246              		.loc 1 302 1 is_stmt 1 view -0
 247              		.cfi_startproc
 248              		@ args = 0, pretend = 0, frame = 0
 249              		@ frame_needed = 0, uses_anonymous_args = 0
 303:USB_Device/App/usbd_cdc_if.c ****   /* USER CODE BEGIN 7 */
 250              		.loc 1 303 3 view .LVU52
 305:USB_Device/App/usbd_cdc_if.c ****   if (hcdc->TxState != 0){
 251              		.loc 1 305 3 view .LVU53
 305:USB_Device/App/usbd_cdc_if.c ****   if (hcdc->TxState != 0){
 252              		.loc 1 305 27 is_stmt 0 view .LVU54
 253 0000 094B     		ldr	r3, .L27
 254 0002 D3F8BC32 		ldr	r3, [r3, #700]
 255              	.LVL16:
 306:USB_Device/App/usbd_cdc_if.c ****     return USBD_BUSY;
 256              		.loc 1 306 3 is_stmt 1 view .LVU55
 306:USB_Device/App/usbd_cdc_if.c ****     return USBD_BUSY;
 257              		.loc 1 306 11 is_stmt 0 view .LVU56
 258 0006 D3F81432 		ldr	r3, [r3, #532]
 259              	.LVL17:
 306:USB_Device/App/usbd_cdc_if.c ****     return USBD_BUSY;
 260              		.loc 1 306 6 view .LVU57
ARM GAS  C:\Users\jack2\AppData\Local\Temp\ccwdyX2R.s 			page 12


 261 000a 0BB1     		cbz	r3, .L26
 307:USB_Device/App/usbd_cdc_if.c ****   }
 262              		.loc 1 307 12 view .LVU58
 263 000c 0120     		movs	r0, #1
 264              	.LVL18:
 313:USB_Device/App/usbd_cdc_if.c **** 
 265              		.loc 1 313 1 view .LVU59
 266 000e 7047     		bx	lr
 267              	.LVL19:
 268              	.L26:
 302:USB_Device/App/usbd_cdc_if.c ****   uint8_t result = USBD_OK;
 269              		.loc 1 302 1 view .LVU60
 270 0010 10B5     		push	{r4, lr}
 271              		.cfi_def_cfa_offset 8
 272              		.cfi_offset 4, -8
 273              		.cfi_offset 14, -4
 309:USB_Device/App/usbd_cdc_if.c ****   result = USBD_CDC_TransmitPacket(&hUsbDeviceFS);
 274              		.loc 1 309 3 is_stmt 1 view .LVU61
 275 0012 054C     		ldr	r4, .L27
 276              	.LVL20:
 309:USB_Device/App/usbd_cdc_if.c ****   result = USBD_CDC_TransmitPacket(&hUsbDeviceFS);
 277              		.loc 1 309 3 is_stmt 0 view .LVU62
 278 0014 0A46     		mov	r2, r1
 279 0016 0146     		mov	r1, r0
 280              	.LVL21:
 309:USB_Device/App/usbd_cdc_if.c ****   result = USBD_CDC_TransmitPacket(&hUsbDeviceFS);
 281              		.loc 1 309 3 view .LVU63
 282 0018 2046     		mov	r0, r4
 283              	.LVL22:
 309:USB_Device/App/usbd_cdc_if.c ****   result = USBD_CDC_TransmitPacket(&hUsbDeviceFS);
 284              		.loc 1 309 3 view .LVU64
 285 001a FFF7FEFF 		bl	USBD_CDC_SetTxBuffer
 286              	.LVL23:
 310:USB_Device/App/usbd_cdc_if.c ****   /* USER CODE END 7 */
 287              		.loc 1 310 3 is_stmt 1 view .LVU65
 310:USB_Device/App/usbd_cdc_if.c ****   /* USER CODE END 7 */
 288              		.loc 1 310 12 is_stmt 0 view .LVU66
 289 001e 2046     		mov	r0, r4
 290 0020 FFF7FEFF 		bl	USBD_CDC_TransmitPacket
 291              	.LVL24:
 312:USB_Device/App/usbd_cdc_if.c **** }
 292              		.loc 1 312 3 is_stmt 1 view .LVU67
 313:USB_Device/App/usbd_cdc_if.c **** 
 293              		.loc 1 313 1 is_stmt 0 view .LVU68
 294 0024 10BD     		pop	{r4, pc}
 295              	.L28:
 296 0026 00BF     		.align	2
 297              	.L27:
 298 0028 00000000 		.word	hUsbDeviceFS
 299              		.cfi_endproc
 300              	.LFE140:
 302              		.global	USBD_Interface_fops_FS
 303              		.global	UserTxBufferFS
 304              		.global	UserRxBufferFS
 305              		.section	.bss.UserRxBufferFS,"aw",%nobits
 306              		.align	2
 307              		.set	.LANCHOR1,. + 0
ARM GAS  C:\Users\jack2\AppData\Local\Temp\ccwdyX2R.s 			page 13


 310              	UserRxBufferFS:
 311 0000 00000000 		.space	1000
 311      00000000 
 311      00000000 
 311      00000000 
 311      00000000 
 312              		.section	.bss.UserTxBufferFS,"aw",%nobits
 313              		.align	2
 314              		.set	.LANCHOR0,. + 0
 317              	UserTxBufferFS:
 318 0000 00000000 		.space	1000
 318      00000000 
 318      00000000 
 318      00000000 
 318      00000000 
 319              		.section	.data.USBD_Interface_fops_FS,"aw"
 320              		.align	2
 323              	USBD_Interface_fops_FS:
 324 0000 00000000 		.word	CDC_Init_FS
 325 0004 00000000 		.word	CDC_DeInit_FS
 326 0008 00000000 		.word	CDC_Control_FS
 327 000c 00000000 		.word	CDC_Receive_FS
 328 0010 00000000 		.word	CDC_TransmitCplt_FS
 329              		.text
 330              	.Letext0:
 331              		.file 2 "c:\\programdata\\chocolatey\\lib\\gcc-arm-embedded\\tools\\gcc-arm-none-eabi-10-2020-q4-m
 332              		.file 3 "c:\\programdata\\chocolatey\\lib\\gcc-arm-embedded\\tools\\gcc-arm-none-eabi-10-2020-q4-m
 333              		.file 4 "Middlewares/ST/STM32_USB_Device_Library/Core/Inc/usbd_def.h"
 334              		.file 5 "Middlewares/ST/STM32_USB_Device_Library/Class/CDC/Inc/usbd_cdc.h"
 335              		.file 6 "USB_Device/App/usbd_cdc_if.h"
ARM GAS  C:\Users\jack2\AppData\Local\Temp\ccwdyX2R.s 			page 14


DEFINED SYMBOLS
                            *ABS*:00000000 usbd_cdc_if.c
C:\Users\jack2\AppData\Local\Temp\ccwdyX2R.s:18     .text.CDC_DeInit_FS:00000000 $t
C:\Users\jack2\AppData\Local\Temp\ccwdyX2R.s:25     .text.CDC_DeInit_FS:00000000 CDC_DeInit_FS
C:\Users\jack2\AppData\Local\Temp\ccwdyX2R.s:41     .text.CDC_Control_FS:00000000 $t
C:\Users\jack2\AppData\Local\Temp\ccwdyX2R.s:47     .text.CDC_Control_FS:00000000 CDC_Control_FS
C:\Users\jack2\AppData\Local\Temp\ccwdyX2R.s:66     .text.CDC_TransmitCplt_FS:00000000 $t
C:\Users\jack2\AppData\Local\Temp\ccwdyX2R.s:72     .text.CDC_TransmitCplt_FS:00000000 CDC_TransmitCplt_FS
C:\Users\jack2\AppData\Local\Temp\ccwdyX2R.s:94     .text.CDC_Receive_FS:00000000 $t
C:\Users\jack2\AppData\Local\Temp\ccwdyX2R.s:100    .text.CDC_Receive_FS:00000000 CDC_Receive_FS
C:\Users\jack2\AppData\Local\Temp\ccwdyX2R.s:188    .text.CDC_Receive_FS:00000048 $d
C:\Users\jack2\AppData\Local\Temp\ccwdyX2R.s:194    .text.CDC_Init_FS:00000000 $t
C:\Users\jack2\AppData\Local\Temp\ccwdyX2R.s:200    .text.CDC_Init_FS:00000000 CDC_Init_FS
C:\Users\jack2\AppData\Local\Temp\ccwdyX2R.s:229    .text.CDC_Init_FS:0000001c $d
C:\Users\jack2\AppData\Local\Temp\ccwdyX2R.s:236    .text.CDC_Transmit_FS:00000000 $t
C:\Users\jack2\AppData\Local\Temp\ccwdyX2R.s:243    .text.CDC_Transmit_FS:00000000 CDC_Transmit_FS
C:\Users\jack2\AppData\Local\Temp\ccwdyX2R.s:298    .text.CDC_Transmit_FS:00000028 $d
C:\Users\jack2\AppData\Local\Temp\ccwdyX2R.s:323    .data.USBD_Interface_fops_FS:00000000 USBD_Interface_fops_FS
C:\Users\jack2\AppData\Local\Temp\ccwdyX2R.s:317    .bss.UserTxBufferFS:00000000 UserTxBufferFS
C:\Users\jack2\AppData\Local\Temp\ccwdyX2R.s:310    .bss.UserRxBufferFS:00000000 UserRxBufferFS
C:\Users\jack2\AppData\Local\Temp\ccwdyX2R.s:306    .bss.UserRxBufferFS:00000000 $d
C:\Users\jack2\AppData\Local\Temp\ccwdyX2R.s:313    .bss.UserTxBufferFS:00000000 $d
C:\Users\jack2\AppData\Local\Temp\ccwdyX2R.s:320    .data.USBD_Interface_fops_FS:00000000 $d

UNDEFINED SYMBOLS
USBD_CDC_SetRxBuffer
USBD_CDC_ReceivePacket
hUsbDeviceFS
rxBuf
USBD_CDC_SetTxBuffer
USBD_CDC_TransmitPacket
