ARM GAS  C:\Users\jack2\AppData\Local\Temp\cc58KhTv.s 			page 1


   1              		.cpu cortex-m4
   2              		.eabi_attribute 27, 1
   3              		.eabi_attribute 28, 1
   4              		.eabi_attribute 20, 1
   5              		.eabi_attribute 21, 1
   6              		.eabi_attribute 23, 3
   7              		.eabi_attribute 24, 1
   8              		.eabi_attribute 25, 1
   9              		.eabi_attribute 26, 1
  10              		.eabi_attribute 30, 1
  11              		.eabi_attribute 34, 1
  12              		.eabi_attribute 18, 4
  13              		.file	"usbd_ioreq.c"
  14              		.text
  15              	.Ltext0:
  16              		.cfi_sections	.debug_frame
  17              		.section	.text.USBD_CtlSendData,"ax",%progbits
  18              		.align	1
  19              		.global	USBD_CtlSendData
  20              		.arch armv7e-m
  21              		.syntax unified
  22              		.thumb
  23              		.thumb_func
  24              		.fpu fpv4-sp-d16
  26              	USBD_CtlSendData:
  27              	.LVL0:
  28              	.LFB136:
  29              		.file 1 "Middlewares/ST/STM32_USB_Device_Library/Core/Src/usbd_ioreq.c"
   1:Middlewares/ST/STM32_USB_Device_Library/Core/Src/usbd_ioreq.c **** /**
   2:Middlewares/ST/STM32_USB_Device_Library/Core/Src/usbd_ioreq.c ****   ******************************************************************************
   3:Middlewares/ST/STM32_USB_Device_Library/Core/Src/usbd_ioreq.c ****   * @file    usbd_ioreq.c
   4:Middlewares/ST/STM32_USB_Device_Library/Core/Src/usbd_ioreq.c ****   * @author  MCD Application Team
   5:Middlewares/ST/STM32_USB_Device_Library/Core/Src/usbd_ioreq.c ****   * @brief   This file provides the IO requests APIs for control endpoints.
   6:Middlewares/ST/STM32_USB_Device_Library/Core/Src/usbd_ioreq.c ****   ******************************************************************************
   7:Middlewares/ST/STM32_USB_Device_Library/Core/Src/usbd_ioreq.c ****   * @attention
   8:Middlewares/ST/STM32_USB_Device_Library/Core/Src/usbd_ioreq.c ****   *
   9:Middlewares/ST/STM32_USB_Device_Library/Core/Src/usbd_ioreq.c ****   * <h2><center>&copy; Copyright (c) 2015 STMicroelectronics.
  10:Middlewares/ST/STM32_USB_Device_Library/Core/Src/usbd_ioreq.c ****   * All rights reserved.</center></h2>
  11:Middlewares/ST/STM32_USB_Device_Library/Core/Src/usbd_ioreq.c ****   *
  12:Middlewares/ST/STM32_USB_Device_Library/Core/Src/usbd_ioreq.c ****   * This software component is licensed by ST under Ultimate Liberty license
  13:Middlewares/ST/STM32_USB_Device_Library/Core/Src/usbd_ioreq.c ****   * SLA0044, the "License"; You may not use this file except in compliance with
  14:Middlewares/ST/STM32_USB_Device_Library/Core/Src/usbd_ioreq.c ****   * the License. You may obtain a copy of the License at:
  15:Middlewares/ST/STM32_USB_Device_Library/Core/Src/usbd_ioreq.c ****   *                      www.st.com/SLA0044
  16:Middlewares/ST/STM32_USB_Device_Library/Core/Src/usbd_ioreq.c ****   *
  17:Middlewares/ST/STM32_USB_Device_Library/Core/Src/usbd_ioreq.c ****   ******************************************************************************
  18:Middlewares/ST/STM32_USB_Device_Library/Core/Src/usbd_ioreq.c ****   */
  19:Middlewares/ST/STM32_USB_Device_Library/Core/Src/usbd_ioreq.c **** 
  20:Middlewares/ST/STM32_USB_Device_Library/Core/Src/usbd_ioreq.c **** /* Includes ------------------------------------------------------------------*/
  21:Middlewares/ST/STM32_USB_Device_Library/Core/Src/usbd_ioreq.c **** #include "usbd_ioreq.h"
  22:Middlewares/ST/STM32_USB_Device_Library/Core/Src/usbd_ioreq.c **** 
  23:Middlewares/ST/STM32_USB_Device_Library/Core/Src/usbd_ioreq.c **** /** @addtogroup STM32_USB_DEVICE_LIBRARY
  24:Middlewares/ST/STM32_USB_Device_Library/Core/Src/usbd_ioreq.c ****   * @{
  25:Middlewares/ST/STM32_USB_Device_Library/Core/Src/usbd_ioreq.c ****   */
  26:Middlewares/ST/STM32_USB_Device_Library/Core/Src/usbd_ioreq.c **** 
  27:Middlewares/ST/STM32_USB_Device_Library/Core/Src/usbd_ioreq.c **** 
  28:Middlewares/ST/STM32_USB_Device_Library/Core/Src/usbd_ioreq.c **** /** @defgroup USBD_IOREQ
  29:Middlewares/ST/STM32_USB_Device_Library/Core/Src/usbd_ioreq.c ****   * @brief control I/O requests module
ARM GAS  C:\Users\jack2\AppData\Local\Temp\cc58KhTv.s 			page 2


  30:Middlewares/ST/STM32_USB_Device_Library/Core/Src/usbd_ioreq.c ****   * @{
  31:Middlewares/ST/STM32_USB_Device_Library/Core/Src/usbd_ioreq.c ****   */
  32:Middlewares/ST/STM32_USB_Device_Library/Core/Src/usbd_ioreq.c **** 
  33:Middlewares/ST/STM32_USB_Device_Library/Core/Src/usbd_ioreq.c **** /** @defgroup USBD_IOREQ_Private_TypesDefinitions
  34:Middlewares/ST/STM32_USB_Device_Library/Core/Src/usbd_ioreq.c ****   * @{
  35:Middlewares/ST/STM32_USB_Device_Library/Core/Src/usbd_ioreq.c ****   */
  36:Middlewares/ST/STM32_USB_Device_Library/Core/Src/usbd_ioreq.c **** /**
  37:Middlewares/ST/STM32_USB_Device_Library/Core/Src/usbd_ioreq.c ****   * @}
  38:Middlewares/ST/STM32_USB_Device_Library/Core/Src/usbd_ioreq.c ****   */
  39:Middlewares/ST/STM32_USB_Device_Library/Core/Src/usbd_ioreq.c **** 
  40:Middlewares/ST/STM32_USB_Device_Library/Core/Src/usbd_ioreq.c **** 
  41:Middlewares/ST/STM32_USB_Device_Library/Core/Src/usbd_ioreq.c **** /** @defgroup USBD_IOREQ_Private_Defines
  42:Middlewares/ST/STM32_USB_Device_Library/Core/Src/usbd_ioreq.c ****   * @{
  43:Middlewares/ST/STM32_USB_Device_Library/Core/Src/usbd_ioreq.c ****   */
  44:Middlewares/ST/STM32_USB_Device_Library/Core/Src/usbd_ioreq.c **** 
  45:Middlewares/ST/STM32_USB_Device_Library/Core/Src/usbd_ioreq.c **** /**
  46:Middlewares/ST/STM32_USB_Device_Library/Core/Src/usbd_ioreq.c ****   * @}
  47:Middlewares/ST/STM32_USB_Device_Library/Core/Src/usbd_ioreq.c ****   */
  48:Middlewares/ST/STM32_USB_Device_Library/Core/Src/usbd_ioreq.c **** 
  49:Middlewares/ST/STM32_USB_Device_Library/Core/Src/usbd_ioreq.c **** 
  50:Middlewares/ST/STM32_USB_Device_Library/Core/Src/usbd_ioreq.c **** /** @defgroup USBD_IOREQ_Private_Macros
  51:Middlewares/ST/STM32_USB_Device_Library/Core/Src/usbd_ioreq.c ****   * @{
  52:Middlewares/ST/STM32_USB_Device_Library/Core/Src/usbd_ioreq.c ****   */
  53:Middlewares/ST/STM32_USB_Device_Library/Core/Src/usbd_ioreq.c **** /**
  54:Middlewares/ST/STM32_USB_Device_Library/Core/Src/usbd_ioreq.c ****   * @}
  55:Middlewares/ST/STM32_USB_Device_Library/Core/Src/usbd_ioreq.c ****   */
  56:Middlewares/ST/STM32_USB_Device_Library/Core/Src/usbd_ioreq.c **** 
  57:Middlewares/ST/STM32_USB_Device_Library/Core/Src/usbd_ioreq.c **** 
  58:Middlewares/ST/STM32_USB_Device_Library/Core/Src/usbd_ioreq.c **** /** @defgroup USBD_IOREQ_Private_Variables
  59:Middlewares/ST/STM32_USB_Device_Library/Core/Src/usbd_ioreq.c ****   * @{
  60:Middlewares/ST/STM32_USB_Device_Library/Core/Src/usbd_ioreq.c ****   */
  61:Middlewares/ST/STM32_USB_Device_Library/Core/Src/usbd_ioreq.c **** 
  62:Middlewares/ST/STM32_USB_Device_Library/Core/Src/usbd_ioreq.c **** /**
  63:Middlewares/ST/STM32_USB_Device_Library/Core/Src/usbd_ioreq.c ****   * @}
  64:Middlewares/ST/STM32_USB_Device_Library/Core/Src/usbd_ioreq.c ****   */
  65:Middlewares/ST/STM32_USB_Device_Library/Core/Src/usbd_ioreq.c **** 
  66:Middlewares/ST/STM32_USB_Device_Library/Core/Src/usbd_ioreq.c **** 
  67:Middlewares/ST/STM32_USB_Device_Library/Core/Src/usbd_ioreq.c **** /** @defgroup USBD_IOREQ_Private_FunctionPrototypes
  68:Middlewares/ST/STM32_USB_Device_Library/Core/Src/usbd_ioreq.c ****   * @{
  69:Middlewares/ST/STM32_USB_Device_Library/Core/Src/usbd_ioreq.c ****   */
  70:Middlewares/ST/STM32_USB_Device_Library/Core/Src/usbd_ioreq.c **** /**
  71:Middlewares/ST/STM32_USB_Device_Library/Core/Src/usbd_ioreq.c ****   * @}
  72:Middlewares/ST/STM32_USB_Device_Library/Core/Src/usbd_ioreq.c ****   */
  73:Middlewares/ST/STM32_USB_Device_Library/Core/Src/usbd_ioreq.c **** 
  74:Middlewares/ST/STM32_USB_Device_Library/Core/Src/usbd_ioreq.c **** 
  75:Middlewares/ST/STM32_USB_Device_Library/Core/Src/usbd_ioreq.c **** /** @defgroup USBD_IOREQ_Private_Functions
  76:Middlewares/ST/STM32_USB_Device_Library/Core/Src/usbd_ioreq.c ****   * @{
  77:Middlewares/ST/STM32_USB_Device_Library/Core/Src/usbd_ioreq.c ****   */
  78:Middlewares/ST/STM32_USB_Device_Library/Core/Src/usbd_ioreq.c **** 
  79:Middlewares/ST/STM32_USB_Device_Library/Core/Src/usbd_ioreq.c **** /**
  80:Middlewares/ST/STM32_USB_Device_Library/Core/Src/usbd_ioreq.c ****   * @brief  USBD_CtlSendData
  81:Middlewares/ST/STM32_USB_Device_Library/Core/Src/usbd_ioreq.c ****   *         send data on the ctl pipe
  82:Middlewares/ST/STM32_USB_Device_Library/Core/Src/usbd_ioreq.c ****   * @param  pdev: device instance
  83:Middlewares/ST/STM32_USB_Device_Library/Core/Src/usbd_ioreq.c ****   * @param  buff: pointer to data buffer
  84:Middlewares/ST/STM32_USB_Device_Library/Core/Src/usbd_ioreq.c ****   * @param  len: length of data to be sent
  85:Middlewares/ST/STM32_USB_Device_Library/Core/Src/usbd_ioreq.c ****   * @retval status
  86:Middlewares/ST/STM32_USB_Device_Library/Core/Src/usbd_ioreq.c ****   */
ARM GAS  C:\Users\jack2\AppData\Local\Temp\cc58KhTv.s 			page 3


  87:Middlewares/ST/STM32_USB_Device_Library/Core/Src/usbd_ioreq.c **** USBD_StatusTypeDef USBD_CtlSendData(USBD_HandleTypeDef *pdev,
  88:Middlewares/ST/STM32_USB_Device_Library/Core/Src/usbd_ioreq.c ****                                     uint8_t *pbuf, uint32_t len)
  89:Middlewares/ST/STM32_USB_Device_Library/Core/Src/usbd_ioreq.c **** {
  30              		.loc 1 89 1 view -0
  31              		.cfi_startproc
  32              		@ args = 0, pretend = 0, frame = 0
  33              		@ frame_needed = 0, uses_anonymous_args = 0
  34              		.loc 1 89 1 is_stmt 0 view .LVU1
  35 0000 08B5     		push	{r3, lr}
  36              		.cfi_def_cfa_offset 8
  37              		.cfi_offset 3, -8
  38              		.cfi_offset 14, -4
  39 0002 1346     		mov	r3, r2
  90:Middlewares/ST/STM32_USB_Device_Library/Core/Src/usbd_ioreq.c ****   /* Set EP0 State */
  91:Middlewares/ST/STM32_USB_Device_Library/Core/Src/usbd_ioreq.c ****   pdev->ep0_state = USBD_EP0_DATA_IN;
  40              		.loc 1 91 3 is_stmt 1 view .LVU2
  41              		.loc 1 91 19 is_stmt 0 view .LVU3
  42 0004 0222     		movs	r2, #2
  43              	.LVL1:
  44              		.loc 1 91 19 view .LVU4
  45 0006 C0F89422 		str	r2, [r0, #660]
  92:Middlewares/ST/STM32_USB_Device_Library/Core/Src/usbd_ioreq.c ****   pdev->ep_in[0].total_length = len;
  46              		.loc 1 92 3 is_stmt 1 view .LVU5
  47              		.loc 1 92 31 is_stmt 0 view .LVU6
  48 000a 8361     		str	r3, [r0, #24]
  93:Middlewares/ST/STM32_USB_Device_Library/Core/Src/usbd_ioreq.c **** 
  94:Middlewares/ST/STM32_USB_Device_Library/Core/Src/usbd_ioreq.c **** #ifdef USBD_AVOID_PACKET_SPLIT_MPS
  95:Middlewares/ST/STM32_USB_Device_Library/Core/Src/usbd_ioreq.c ****   pdev->ep_in[0].rem_length = 0U;
  96:Middlewares/ST/STM32_USB_Device_Library/Core/Src/usbd_ioreq.c **** #else
  97:Middlewares/ST/STM32_USB_Device_Library/Core/Src/usbd_ioreq.c ****   pdev->ep_in[0].rem_length = len;
  49              		.loc 1 97 3 is_stmt 1 view .LVU7
  50              		.loc 1 97 29 is_stmt 0 view .LVU8
  51 000c C361     		str	r3, [r0, #28]
  98:Middlewares/ST/STM32_USB_Device_Library/Core/Src/usbd_ioreq.c **** #endif
  99:Middlewares/ST/STM32_USB_Device_Library/Core/Src/usbd_ioreq.c **** 
 100:Middlewares/ST/STM32_USB_Device_Library/Core/Src/usbd_ioreq.c ****   /* Start the transfer */
 101:Middlewares/ST/STM32_USB_Device_Library/Core/Src/usbd_ioreq.c ****   (void)USBD_LL_Transmit(pdev, 0x00U, pbuf, len);
  52              		.loc 1 101 3 is_stmt 1 view .LVU9
  53              		.loc 1 101 9 is_stmt 0 view .LVU10
  54 000e 0A46     		mov	r2, r1
  55 0010 0021     		movs	r1, #0
  56              	.LVL2:
  57              		.loc 1 101 9 view .LVU11
  58 0012 FFF7FEFF 		bl	USBD_LL_Transmit
  59              	.LVL3:
 102:Middlewares/ST/STM32_USB_Device_Library/Core/Src/usbd_ioreq.c **** 
 103:Middlewares/ST/STM32_USB_Device_Library/Core/Src/usbd_ioreq.c ****   return USBD_OK;
  60              		.loc 1 103 3 is_stmt 1 view .LVU12
 104:Middlewares/ST/STM32_USB_Device_Library/Core/Src/usbd_ioreq.c **** }
  61              		.loc 1 104 1 is_stmt 0 view .LVU13
  62 0016 0020     		movs	r0, #0
  63 0018 08BD     		pop	{r3, pc}
  64              		.cfi_endproc
  65              	.LFE136:
  67              		.section	.text.USBD_CtlContinueSendData,"ax",%progbits
  68              		.align	1
  69              		.global	USBD_CtlContinueSendData
ARM GAS  C:\Users\jack2\AppData\Local\Temp\cc58KhTv.s 			page 4


  70              		.syntax unified
  71              		.thumb
  72              		.thumb_func
  73              		.fpu fpv4-sp-d16
  75              	USBD_CtlContinueSendData:
  76              	.LVL4:
  77              	.LFB137:
 105:Middlewares/ST/STM32_USB_Device_Library/Core/Src/usbd_ioreq.c **** 
 106:Middlewares/ST/STM32_USB_Device_Library/Core/Src/usbd_ioreq.c **** /**
 107:Middlewares/ST/STM32_USB_Device_Library/Core/Src/usbd_ioreq.c ****   * @brief  USBD_CtlContinueSendData
 108:Middlewares/ST/STM32_USB_Device_Library/Core/Src/usbd_ioreq.c ****   *         continue sending data on the ctl pipe
 109:Middlewares/ST/STM32_USB_Device_Library/Core/Src/usbd_ioreq.c ****   * @param  pdev: device instance
 110:Middlewares/ST/STM32_USB_Device_Library/Core/Src/usbd_ioreq.c ****   * @param  buff: pointer to data buffer
 111:Middlewares/ST/STM32_USB_Device_Library/Core/Src/usbd_ioreq.c ****   * @param  len: length of data to be sent
 112:Middlewares/ST/STM32_USB_Device_Library/Core/Src/usbd_ioreq.c ****   * @retval status
 113:Middlewares/ST/STM32_USB_Device_Library/Core/Src/usbd_ioreq.c ****   */
 114:Middlewares/ST/STM32_USB_Device_Library/Core/Src/usbd_ioreq.c **** USBD_StatusTypeDef USBD_CtlContinueSendData(USBD_HandleTypeDef *pdev,
 115:Middlewares/ST/STM32_USB_Device_Library/Core/Src/usbd_ioreq.c ****                                             uint8_t *pbuf, uint32_t len)
 116:Middlewares/ST/STM32_USB_Device_Library/Core/Src/usbd_ioreq.c **** {
  78              		.loc 1 116 1 is_stmt 1 view -0
  79              		.cfi_startproc
  80              		@ args = 0, pretend = 0, frame = 0
  81              		@ frame_needed = 0, uses_anonymous_args = 0
  82              		.loc 1 116 1 is_stmt 0 view .LVU15
  83 0000 08B5     		push	{r3, lr}
  84              		.cfi_def_cfa_offset 8
  85              		.cfi_offset 3, -8
  86              		.cfi_offset 14, -4
  87 0002 1346     		mov	r3, r2
 117:Middlewares/ST/STM32_USB_Device_Library/Core/Src/usbd_ioreq.c ****   /* Start the next transfer */
 118:Middlewares/ST/STM32_USB_Device_Library/Core/Src/usbd_ioreq.c ****   (void)USBD_LL_Transmit(pdev, 0x00U, pbuf, len);
  88              		.loc 1 118 3 is_stmt 1 view .LVU16
  89              		.loc 1 118 9 is_stmt 0 view .LVU17
  90 0004 0A46     		mov	r2, r1
  91              	.LVL5:
  92              		.loc 1 118 9 view .LVU18
  93 0006 0021     		movs	r1, #0
  94              	.LVL6:
  95              		.loc 1 118 9 view .LVU19
  96 0008 FFF7FEFF 		bl	USBD_LL_Transmit
  97              	.LVL7:
 119:Middlewares/ST/STM32_USB_Device_Library/Core/Src/usbd_ioreq.c **** 
 120:Middlewares/ST/STM32_USB_Device_Library/Core/Src/usbd_ioreq.c ****   return USBD_OK;
  98              		.loc 1 120 3 is_stmt 1 view .LVU20
 121:Middlewares/ST/STM32_USB_Device_Library/Core/Src/usbd_ioreq.c **** }
  99              		.loc 1 121 1 is_stmt 0 view .LVU21
 100 000c 0020     		movs	r0, #0
 101 000e 08BD     		pop	{r3, pc}
 102              		.cfi_endproc
 103              	.LFE137:
 105              		.section	.text.USBD_CtlPrepareRx,"ax",%progbits
 106              		.align	1
 107              		.global	USBD_CtlPrepareRx
 108              		.syntax unified
 109              		.thumb
 110              		.thumb_func
 111              		.fpu fpv4-sp-d16
ARM GAS  C:\Users\jack2\AppData\Local\Temp\cc58KhTv.s 			page 5


 113              	USBD_CtlPrepareRx:
 114              	.LVL8:
 115              	.LFB138:
 122:Middlewares/ST/STM32_USB_Device_Library/Core/Src/usbd_ioreq.c **** 
 123:Middlewares/ST/STM32_USB_Device_Library/Core/Src/usbd_ioreq.c **** /**
 124:Middlewares/ST/STM32_USB_Device_Library/Core/Src/usbd_ioreq.c ****   * @brief  USBD_CtlPrepareRx
 125:Middlewares/ST/STM32_USB_Device_Library/Core/Src/usbd_ioreq.c ****   *         receive data on the ctl pipe
 126:Middlewares/ST/STM32_USB_Device_Library/Core/Src/usbd_ioreq.c ****   * @param  pdev: device instance
 127:Middlewares/ST/STM32_USB_Device_Library/Core/Src/usbd_ioreq.c ****   * @param  buff: pointer to data buffer
 128:Middlewares/ST/STM32_USB_Device_Library/Core/Src/usbd_ioreq.c ****   * @param  len: length of data to be received
 129:Middlewares/ST/STM32_USB_Device_Library/Core/Src/usbd_ioreq.c ****   * @retval status
 130:Middlewares/ST/STM32_USB_Device_Library/Core/Src/usbd_ioreq.c ****   */
 131:Middlewares/ST/STM32_USB_Device_Library/Core/Src/usbd_ioreq.c **** USBD_StatusTypeDef USBD_CtlPrepareRx(USBD_HandleTypeDef *pdev,
 132:Middlewares/ST/STM32_USB_Device_Library/Core/Src/usbd_ioreq.c ****                                      uint8_t *pbuf, uint32_t len)
 133:Middlewares/ST/STM32_USB_Device_Library/Core/Src/usbd_ioreq.c **** {
 116              		.loc 1 133 1 is_stmt 1 view -0
 117              		.cfi_startproc
 118              		@ args = 0, pretend = 0, frame = 0
 119              		@ frame_needed = 0, uses_anonymous_args = 0
 120              		.loc 1 133 1 is_stmt 0 view .LVU23
 121 0000 08B5     		push	{r3, lr}
 122              		.cfi_def_cfa_offset 8
 123              		.cfi_offset 3, -8
 124              		.cfi_offset 14, -4
 125 0002 1346     		mov	r3, r2
 134:Middlewares/ST/STM32_USB_Device_Library/Core/Src/usbd_ioreq.c ****   /* Set EP0 State */
 135:Middlewares/ST/STM32_USB_Device_Library/Core/Src/usbd_ioreq.c ****   pdev->ep0_state = USBD_EP0_DATA_OUT;
 126              		.loc 1 135 3 is_stmt 1 view .LVU24
 127              		.loc 1 135 19 is_stmt 0 view .LVU25
 128 0004 0322     		movs	r2, #3
 129              	.LVL9:
 130              		.loc 1 135 19 view .LVU26
 131 0006 C0F89422 		str	r2, [r0, #660]
 136:Middlewares/ST/STM32_USB_Device_Library/Core/Src/usbd_ioreq.c ****   pdev->ep_out[0].total_length = len;
 132              		.loc 1 136 3 is_stmt 1 view .LVU27
 133              		.loc 1 136 32 is_stmt 0 view .LVU28
 134 000a C0F85831 		str	r3, [r0, #344]
 137:Middlewares/ST/STM32_USB_Device_Library/Core/Src/usbd_ioreq.c **** 
 138:Middlewares/ST/STM32_USB_Device_Library/Core/Src/usbd_ioreq.c **** #ifdef USBD_AVOID_PACKET_SPLIT_MPS
 139:Middlewares/ST/STM32_USB_Device_Library/Core/Src/usbd_ioreq.c ****   pdev->ep_out[0].rem_length = 0U;
 140:Middlewares/ST/STM32_USB_Device_Library/Core/Src/usbd_ioreq.c **** #else
 141:Middlewares/ST/STM32_USB_Device_Library/Core/Src/usbd_ioreq.c ****   pdev->ep_out[0].rem_length = len;
 135              		.loc 1 141 3 is_stmt 1 view .LVU29
 136              		.loc 1 141 30 is_stmt 0 view .LVU30
 137 000e C0F85C31 		str	r3, [r0, #348]
 142:Middlewares/ST/STM32_USB_Device_Library/Core/Src/usbd_ioreq.c **** #endif
 143:Middlewares/ST/STM32_USB_Device_Library/Core/Src/usbd_ioreq.c **** 
 144:Middlewares/ST/STM32_USB_Device_Library/Core/Src/usbd_ioreq.c ****   /* Start the transfer */
 145:Middlewares/ST/STM32_USB_Device_Library/Core/Src/usbd_ioreq.c ****   (void)USBD_LL_PrepareReceive(pdev, 0U, pbuf, len);
 138              		.loc 1 145 3 is_stmt 1 view .LVU31
 139              		.loc 1 145 9 is_stmt 0 view .LVU32
 140 0012 0A46     		mov	r2, r1
 141 0014 0021     		movs	r1, #0
 142              	.LVL10:
 143              		.loc 1 145 9 view .LVU33
 144 0016 FFF7FEFF 		bl	USBD_LL_PrepareReceive
 145              	.LVL11:
ARM GAS  C:\Users\jack2\AppData\Local\Temp\cc58KhTv.s 			page 6


 146:Middlewares/ST/STM32_USB_Device_Library/Core/Src/usbd_ioreq.c **** 
 147:Middlewares/ST/STM32_USB_Device_Library/Core/Src/usbd_ioreq.c ****   return USBD_OK;
 146              		.loc 1 147 3 is_stmt 1 view .LVU34
 148:Middlewares/ST/STM32_USB_Device_Library/Core/Src/usbd_ioreq.c **** }
 147              		.loc 1 148 1 is_stmt 0 view .LVU35
 148 001a 0020     		movs	r0, #0
 149 001c 08BD     		pop	{r3, pc}
 150              		.cfi_endproc
 151              	.LFE138:
 153              		.section	.text.USBD_CtlContinueRx,"ax",%progbits
 154              		.align	1
 155              		.global	USBD_CtlContinueRx
 156              		.syntax unified
 157              		.thumb
 158              		.thumb_func
 159              		.fpu fpv4-sp-d16
 161              	USBD_CtlContinueRx:
 162              	.LVL12:
 163              	.LFB139:
 149:Middlewares/ST/STM32_USB_Device_Library/Core/Src/usbd_ioreq.c **** 
 150:Middlewares/ST/STM32_USB_Device_Library/Core/Src/usbd_ioreq.c **** /**
 151:Middlewares/ST/STM32_USB_Device_Library/Core/Src/usbd_ioreq.c ****   * @brief  USBD_CtlContinueRx
 152:Middlewares/ST/STM32_USB_Device_Library/Core/Src/usbd_ioreq.c ****   *         continue receive data on the ctl pipe
 153:Middlewares/ST/STM32_USB_Device_Library/Core/Src/usbd_ioreq.c ****   * @param  pdev: device instance
 154:Middlewares/ST/STM32_USB_Device_Library/Core/Src/usbd_ioreq.c ****   * @param  buff: pointer to data buffer
 155:Middlewares/ST/STM32_USB_Device_Library/Core/Src/usbd_ioreq.c ****   * @param  len: length of data to be received
 156:Middlewares/ST/STM32_USB_Device_Library/Core/Src/usbd_ioreq.c ****   * @retval status
 157:Middlewares/ST/STM32_USB_Device_Library/Core/Src/usbd_ioreq.c ****   */
 158:Middlewares/ST/STM32_USB_Device_Library/Core/Src/usbd_ioreq.c **** USBD_StatusTypeDef USBD_CtlContinueRx(USBD_HandleTypeDef *pdev,
 159:Middlewares/ST/STM32_USB_Device_Library/Core/Src/usbd_ioreq.c ****                                       uint8_t *pbuf, uint32_t len)
 160:Middlewares/ST/STM32_USB_Device_Library/Core/Src/usbd_ioreq.c **** {
 164              		.loc 1 160 1 is_stmt 1 view -0
 165              		.cfi_startproc
 166              		@ args = 0, pretend = 0, frame = 0
 167              		@ frame_needed = 0, uses_anonymous_args = 0
 168              		.loc 1 160 1 is_stmt 0 view .LVU37
 169 0000 08B5     		push	{r3, lr}
 170              		.cfi_def_cfa_offset 8
 171              		.cfi_offset 3, -8
 172              		.cfi_offset 14, -4
 173 0002 1346     		mov	r3, r2
 161:Middlewares/ST/STM32_USB_Device_Library/Core/Src/usbd_ioreq.c ****   (void)USBD_LL_PrepareReceive(pdev, 0U, pbuf, len);
 174              		.loc 1 161 3 is_stmt 1 view .LVU38
 175              		.loc 1 161 9 is_stmt 0 view .LVU39
 176 0004 0A46     		mov	r2, r1
 177              	.LVL13:
 178              		.loc 1 161 9 view .LVU40
 179 0006 0021     		movs	r1, #0
 180              	.LVL14:
 181              		.loc 1 161 9 view .LVU41
 182 0008 FFF7FEFF 		bl	USBD_LL_PrepareReceive
 183              	.LVL15:
 162:Middlewares/ST/STM32_USB_Device_Library/Core/Src/usbd_ioreq.c **** 
 163:Middlewares/ST/STM32_USB_Device_Library/Core/Src/usbd_ioreq.c ****   return USBD_OK;
 184              		.loc 1 163 3 is_stmt 1 view .LVU42
 164:Middlewares/ST/STM32_USB_Device_Library/Core/Src/usbd_ioreq.c **** }
 185              		.loc 1 164 1 is_stmt 0 view .LVU43
ARM GAS  C:\Users\jack2\AppData\Local\Temp\cc58KhTv.s 			page 7


 186 000c 0020     		movs	r0, #0
 187 000e 08BD     		pop	{r3, pc}
 188              		.cfi_endproc
 189              	.LFE139:
 191              		.section	.text.USBD_CtlSendStatus,"ax",%progbits
 192              		.align	1
 193              		.global	USBD_CtlSendStatus
 194              		.syntax unified
 195              		.thumb
 196              		.thumb_func
 197              		.fpu fpv4-sp-d16
 199              	USBD_CtlSendStatus:
 200              	.LVL16:
 201              	.LFB140:
 165:Middlewares/ST/STM32_USB_Device_Library/Core/Src/usbd_ioreq.c **** 
 166:Middlewares/ST/STM32_USB_Device_Library/Core/Src/usbd_ioreq.c **** /**
 167:Middlewares/ST/STM32_USB_Device_Library/Core/Src/usbd_ioreq.c ****   * @brief  USBD_CtlSendStatus
 168:Middlewares/ST/STM32_USB_Device_Library/Core/Src/usbd_ioreq.c ****   *         send zero lzngth packet on the ctl pipe
 169:Middlewares/ST/STM32_USB_Device_Library/Core/Src/usbd_ioreq.c ****   * @param  pdev: device instance
 170:Middlewares/ST/STM32_USB_Device_Library/Core/Src/usbd_ioreq.c ****   * @retval status
 171:Middlewares/ST/STM32_USB_Device_Library/Core/Src/usbd_ioreq.c ****   */
 172:Middlewares/ST/STM32_USB_Device_Library/Core/Src/usbd_ioreq.c **** USBD_StatusTypeDef USBD_CtlSendStatus(USBD_HandleTypeDef *pdev)
 173:Middlewares/ST/STM32_USB_Device_Library/Core/Src/usbd_ioreq.c **** {
 202              		.loc 1 173 1 is_stmt 1 view -0
 203              		.cfi_startproc
 204              		@ args = 0, pretend = 0, frame = 0
 205              		@ frame_needed = 0, uses_anonymous_args = 0
 206              		.loc 1 173 1 is_stmt 0 view .LVU45
 207 0000 08B5     		push	{r3, lr}
 208              		.cfi_def_cfa_offset 8
 209              		.cfi_offset 3, -8
 210              		.cfi_offset 14, -4
 174:Middlewares/ST/STM32_USB_Device_Library/Core/Src/usbd_ioreq.c ****   /* Set EP0 State */
 175:Middlewares/ST/STM32_USB_Device_Library/Core/Src/usbd_ioreq.c ****   pdev->ep0_state = USBD_EP0_STATUS_IN;
 211              		.loc 1 175 3 is_stmt 1 view .LVU46
 212              		.loc 1 175 19 is_stmt 0 view .LVU47
 213 0002 0422     		movs	r2, #4
 214 0004 C0F89422 		str	r2, [r0, #660]
 176:Middlewares/ST/STM32_USB_Device_Library/Core/Src/usbd_ioreq.c **** 
 177:Middlewares/ST/STM32_USB_Device_Library/Core/Src/usbd_ioreq.c ****   /* Start the transfer */
 178:Middlewares/ST/STM32_USB_Device_Library/Core/Src/usbd_ioreq.c ****   (void)USBD_LL_Transmit(pdev, 0x00U, NULL, 0U);
 215              		.loc 1 178 3 is_stmt 1 view .LVU48
 216              		.loc 1 178 9 is_stmt 0 view .LVU49
 217 0008 0023     		movs	r3, #0
 218 000a 1A46     		mov	r2, r3
 219 000c 1946     		mov	r1, r3
 220 000e FFF7FEFF 		bl	USBD_LL_Transmit
 221              	.LVL17:
 179:Middlewares/ST/STM32_USB_Device_Library/Core/Src/usbd_ioreq.c **** 
 180:Middlewares/ST/STM32_USB_Device_Library/Core/Src/usbd_ioreq.c ****   return USBD_OK;
 222              		.loc 1 180 3 is_stmt 1 view .LVU50
 181:Middlewares/ST/STM32_USB_Device_Library/Core/Src/usbd_ioreq.c **** }
 223              		.loc 1 181 1 is_stmt 0 view .LVU51
 224 0012 0020     		movs	r0, #0
 225 0014 08BD     		pop	{r3, pc}
 226              		.cfi_endproc
 227              	.LFE140:
ARM GAS  C:\Users\jack2\AppData\Local\Temp\cc58KhTv.s 			page 8


 229              		.section	.text.USBD_CtlReceiveStatus,"ax",%progbits
 230              		.align	1
 231              		.global	USBD_CtlReceiveStatus
 232              		.syntax unified
 233              		.thumb
 234              		.thumb_func
 235              		.fpu fpv4-sp-d16
 237              	USBD_CtlReceiveStatus:
 238              	.LVL18:
 239              	.LFB141:
 182:Middlewares/ST/STM32_USB_Device_Library/Core/Src/usbd_ioreq.c **** 
 183:Middlewares/ST/STM32_USB_Device_Library/Core/Src/usbd_ioreq.c **** /**
 184:Middlewares/ST/STM32_USB_Device_Library/Core/Src/usbd_ioreq.c ****   * @brief  USBD_CtlReceiveStatus
 185:Middlewares/ST/STM32_USB_Device_Library/Core/Src/usbd_ioreq.c ****   *         receive zero lzngth packet on the ctl pipe
 186:Middlewares/ST/STM32_USB_Device_Library/Core/Src/usbd_ioreq.c ****   * @param  pdev: device instance
 187:Middlewares/ST/STM32_USB_Device_Library/Core/Src/usbd_ioreq.c ****   * @retval status
 188:Middlewares/ST/STM32_USB_Device_Library/Core/Src/usbd_ioreq.c ****   */
 189:Middlewares/ST/STM32_USB_Device_Library/Core/Src/usbd_ioreq.c **** USBD_StatusTypeDef USBD_CtlReceiveStatus(USBD_HandleTypeDef *pdev)
 190:Middlewares/ST/STM32_USB_Device_Library/Core/Src/usbd_ioreq.c **** {
 240              		.loc 1 190 1 is_stmt 1 view -0
 241              		.cfi_startproc
 242              		@ args = 0, pretend = 0, frame = 0
 243              		@ frame_needed = 0, uses_anonymous_args = 0
 244              		.loc 1 190 1 is_stmt 0 view .LVU53
 245 0000 08B5     		push	{r3, lr}
 246              		.cfi_def_cfa_offset 8
 247              		.cfi_offset 3, -8
 248              		.cfi_offset 14, -4
 191:Middlewares/ST/STM32_USB_Device_Library/Core/Src/usbd_ioreq.c ****   /* Set EP0 State */
 192:Middlewares/ST/STM32_USB_Device_Library/Core/Src/usbd_ioreq.c ****   pdev->ep0_state = USBD_EP0_STATUS_OUT;
 249              		.loc 1 192 3 is_stmt 1 view .LVU54
 250              		.loc 1 192 19 is_stmt 0 view .LVU55
 251 0002 0522     		movs	r2, #5
 252 0004 C0F89422 		str	r2, [r0, #660]
 193:Middlewares/ST/STM32_USB_Device_Library/Core/Src/usbd_ioreq.c **** 
 194:Middlewares/ST/STM32_USB_Device_Library/Core/Src/usbd_ioreq.c ****   /* Start the transfer */
 195:Middlewares/ST/STM32_USB_Device_Library/Core/Src/usbd_ioreq.c ****   (void)USBD_LL_PrepareReceive(pdev, 0U, NULL, 0U);
 253              		.loc 1 195 3 is_stmt 1 view .LVU56
 254              		.loc 1 195 9 is_stmt 0 view .LVU57
 255 0008 0023     		movs	r3, #0
 256 000a 1A46     		mov	r2, r3
 257 000c 1946     		mov	r1, r3
 258 000e FFF7FEFF 		bl	USBD_LL_PrepareReceive
 259              	.LVL19:
 196:Middlewares/ST/STM32_USB_Device_Library/Core/Src/usbd_ioreq.c **** 
 197:Middlewares/ST/STM32_USB_Device_Library/Core/Src/usbd_ioreq.c ****   return USBD_OK;
 260              		.loc 1 197 3 is_stmt 1 view .LVU58
 198:Middlewares/ST/STM32_USB_Device_Library/Core/Src/usbd_ioreq.c **** }
 261              		.loc 1 198 1 is_stmt 0 view .LVU59
 262 0012 0020     		movs	r0, #0
 263 0014 08BD     		pop	{r3, pc}
 264              		.cfi_endproc
 265              	.LFE141:
 267              		.section	.text.USBD_GetRxCount,"ax",%progbits
 268              		.align	1
 269              		.global	USBD_GetRxCount
 270              		.syntax unified
ARM GAS  C:\Users\jack2\AppData\Local\Temp\cc58KhTv.s 			page 9


 271              		.thumb
 272              		.thumb_func
 273              		.fpu fpv4-sp-d16
 275              	USBD_GetRxCount:
 276              	.LVL20:
 277              	.LFB142:
 199:Middlewares/ST/STM32_USB_Device_Library/Core/Src/usbd_ioreq.c **** 
 200:Middlewares/ST/STM32_USB_Device_Library/Core/Src/usbd_ioreq.c **** /**
 201:Middlewares/ST/STM32_USB_Device_Library/Core/Src/usbd_ioreq.c ****   * @brief  USBD_GetRxCount
 202:Middlewares/ST/STM32_USB_Device_Library/Core/Src/usbd_ioreq.c ****   *         returns the received data length
 203:Middlewares/ST/STM32_USB_Device_Library/Core/Src/usbd_ioreq.c ****   * @param  pdev: device instance
 204:Middlewares/ST/STM32_USB_Device_Library/Core/Src/usbd_ioreq.c ****   * @param  ep_addr: endpoint address
 205:Middlewares/ST/STM32_USB_Device_Library/Core/Src/usbd_ioreq.c ****   * @retval Rx Data blength
 206:Middlewares/ST/STM32_USB_Device_Library/Core/Src/usbd_ioreq.c ****   */
 207:Middlewares/ST/STM32_USB_Device_Library/Core/Src/usbd_ioreq.c **** uint32_t USBD_GetRxCount(USBD_HandleTypeDef *pdev, uint8_t ep_addr)
 208:Middlewares/ST/STM32_USB_Device_Library/Core/Src/usbd_ioreq.c **** {
 278              		.loc 1 208 1 is_stmt 1 view -0
 279              		.cfi_startproc
 280              		@ args = 0, pretend = 0, frame = 0
 281              		@ frame_needed = 0, uses_anonymous_args = 0
 282              		.loc 1 208 1 is_stmt 0 view .LVU61
 283 0000 08B5     		push	{r3, lr}
 284              		.cfi_def_cfa_offset 8
 285              		.cfi_offset 3, -8
 286              		.cfi_offset 14, -4
 209:Middlewares/ST/STM32_USB_Device_Library/Core/Src/usbd_ioreq.c ****   return USBD_LL_GetRxDataSize(pdev, ep_addr);
 287              		.loc 1 209 3 is_stmt 1 view .LVU62
 288              		.loc 1 209 10 is_stmt 0 view .LVU63
 289 0002 FFF7FEFF 		bl	USBD_LL_GetRxDataSize
 290              	.LVL21:
 210:Middlewares/ST/STM32_USB_Device_Library/Core/Src/usbd_ioreq.c **** }
 291              		.loc 1 210 1 view .LVU64
 292 0006 08BD     		pop	{r3, pc}
 293              		.cfi_endproc
 294              	.LFE142:
 296              		.text
 297              	.Letext0:
 298              		.file 2 "c:\\programdata\\chocolatey\\lib\\gcc-arm-embedded\\tools\\gcc-arm-none-eabi-10-2020-q4-m
 299              		.file 3 "c:\\programdata\\chocolatey\\lib\\gcc-arm-embedded\\tools\\gcc-arm-none-eabi-10-2020-q4-m
 300              		.file 4 "Middlewares/ST/STM32_USB_Device_Library/Core/Inc/usbd_def.h"
 301              		.file 5 "Middlewares/ST/STM32_USB_Device_Library/Core/Inc/usbd_core.h"
ARM GAS  C:\Users\jack2\AppData\Local\Temp\cc58KhTv.s 			page 10


DEFINED SYMBOLS
                            *ABS*:00000000 usbd_ioreq.c
C:\Users\jack2\AppData\Local\Temp\cc58KhTv.s:18     .text.USBD_CtlSendData:00000000 $t
C:\Users\jack2\AppData\Local\Temp\cc58KhTv.s:26     .text.USBD_CtlSendData:00000000 USBD_CtlSendData
C:\Users\jack2\AppData\Local\Temp\cc58KhTv.s:68     .text.USBD_CtlContinueSendData:00000000 $t
C:\Users\jack2\AppData\Local\Temp\cc58KhTv.s:75     .text.USBD_CtlContinueSendData:00000000 USBD_CtlContinueSendData
C:\Users\jack2\AppData\Local\Temp\cc58KhTv.s:106    .text.USBD_CtlPrepareRx:00000000 $t
C:\Users\jack2\AppData\Local\Temp\cc58KhTv.s:113    .text.USBD_CtlPrepareRx:00000000 USBD_CtlPrepareRx
C:\Users\jack2\AppData\Local\Temp\cc58KhTv.s:154    .text.USBD_CtlContinueRx:00000000 $t
C:\Users\jack2\AppData\Local\Temp\cc58KhTv.s:161    .text.USBD_CtlContinueRx:00000000 USBD_CtlContinueRx
C:\Users\jack2\AppData\Local\Temp\cc58KhTv.s:192    .text.USBD_CtlSendStatus:00000000 $t
C:\Users\jack2\AppData\Local\Temp\cc58KhTv.s:199    .text.USBD_CtlSendStatus:00000000 USBD_CtlSendStatus
C:\Users\jack2\AppData\Local\Temp\cc58KhTv.s:230    .text.USBD_CtlReceiveStatus:00000000 $t
C:\Users\jack2\AppData\Local\Temp\cc58KhTv.s:237    .text.USBD_CtlReceiveStatus:00000000 USBD_CtlReceiveStatus
C:\Users\jack2\AppData\Local\Temp\cc58KhTv.s:268    .text.USBD_GetRxCount:00000000 $t
C:\Users\jack2\AppData\Local\Temp\cc58KhTv.s:275    .text.USBD_GetRxCount:00000000 USBD_GetRxCount

UNDEFINED SYMBOLS
USBD_LL_Transmit
USBD_LL_PrepareReceive
USBD_LL_GetRxDataSize
